time[NodeInput_ID2_0] = 0
time[NodeStreamOffset_ID6_1] = 3972
time[NodeStreamOffset_ID7_2] = 3971
time[NodeAdd_ID506_3] = -68
time[NodeStreamOffset_ID8_4] = 3970
time[NodeStreamOffset_ID9_5] = 3969
time[NodeAdd_ID507_6] = -68
time[NodeAdd_ID516_7] = -54
time[NodeStreamOffset_ID10_8] = 3968
time[NodeStreamOffset_ID11_9] = 3967
time[NodeAdd_ID508_10] = -68
time[NodeStreamOffset_ID12_11] = 3966
time[NodeStreamOffset_ID13_12] = 3965
time[NodeAdd_ID509_13] = -68
time[NodeAdd_ID517_14] = -54
time[NodeAdd_ID521_15] = -40
time[NodeStreamOffset_ID14_16] = 3964
time[NodeStreamOffset_ID15_17] = 3963
time[NodeAdd_ID510_18] = -68
time[NodeStreamOffset_ID16_19] = 3962
time[NodeStreamOffset_ID17_20] = 3961
time[NodeAdd_ID511_21] = -68
time[NodeAdd_ID518_22] = -54
time[NodeStreamOffset_ID18_23] = 3960
time[NodeStreamOffset_ID19_24] = 3959
time[NodeAdd_ID512_25] = -68
time[NodeStreamOffset_ID20_26] = 3958
time[NodeStreamOffset_ID21_27] = 3957
time[NodeAdd_ID513_28] = -68
time[NodeAdd_ID519_29] = -54
time[NodeAdd_ID522_30] = -40
time[NodeAdd_ID523_31] = -26
time[NodeStreamOffset_ID22_32] = 3972
time[NodeStreamOffset_ID23_33] = 3972
time[NodeAdd_ID514_34] = -51
time[NodeStreamOffset_ID24_35] = 3972
time[NodeStreamOffset_ID25_36] = 3971
time[NodeAdd_ID515_37] = -50
time[NodeAdd_ID520_38] = -36
time[NodeAdd_ID524_39] = -12
time[NodeStreamOffset_ID26_40] = 3960
time[NodeStreamOffset_ID27_41] = 3959
time[NodeAdd_ID525_42] = -60
time[NodeStreamOffset_ID28_43] = 3958
time[NodeStreamOffset_ID29_44] = 3957
time[NodeAdd_ID526_45] = -60
time[NodeAdd_ID535_46] = -46
time[NodeStreamOffset_ID30_47] = 3956
time[NodeStreamOffset_ID31_48] = 3955
time[NodeAdd_ID527_49] = -60
time[NodeStreamOffset_ID32_50] = 3954
time[NodeStreamOffset_ID33_51] = 3953
time[NodeAdd_ID528_52] = -60
time[NodeAdd_ID536_53] = -46
time[NodeAdd_ID540_54] = -32
time[NodeStreamOffset_ID34_55] = 3952
time[NodeStreamOffset_ID35_56] = 3951
time[NodeAdd_ID529_57] = -60
time[NodeStreamOffset_ID36_58] = 3950
time[NodeStreamOffset_ID37_59] = 3949
time[NodeAdd_ID530_60] = -60
time[NodeAdd_ID537_61] = -46
time[NodeStreamOffset_ID38_62] = 3948
time[NodeStreamOffset_ID39_63] = 3947
time[NodeAdd_ID531_64] = -60
time[NodeStreamOffset_ID40_65] = 3946
time[NodeStreamOffset_ID41_66] = 3945
time[NodeAdd_ID532_67] = -60
time[NodeAdd_ID538_68] = -46
time[NodeAdd_ID541_69] = -32
time[NodeAdd_ID542_70] = -18
time[NodeStreamOffset_ID42_71] = 3972
time[NodeStreamOffset_ID43_72] = 3971
time[NodeAdd_ID533_73] = -32
time[NodeStreamOffset_ID44_74] = 3970
time[NodeStreamOffset_ID45_75] = 3969
time[NodeAdd_ID534_76] = -32
time[NodeAdd_ID539_77] = -18
time[NodeAdd_ID543_78] = -4
time[NodeAdd_ID981_79] = 10
time[NodeStreamOffset_ID46_80] = 3960
time[NodeStreamOffset_ID47_81] = 3959
time[NodeAdd_ID544_82] = -40
time[NodeStreamOffset_ID48_83] = 3958
time[NodeStreamOffset_ID49_84] = 3957
time[NodeAdd_ID545_85] = -40
time[NodeAdd_ID554_86] = -26
time[NodeStreamOffset_ID50_87] = 3956
time[NodeStreamOffset_ID51_88] = 3955
time[NodeAdd_ID546_89] = -40
time[NodeStreamOffset_ID52_90] = 3954
time[NodeStreamOffset_ID53_91] = 3953
time[NodeAdd_ID547_92] = -40
time[NodeAdd_ID555_93] = -26
time[NodeAdd_ID559_94] = -12
time[NodeStreamOffset_ID54_95] = 3952
time[NodeStreamOffset_ID55_96] = 3951
time[NodeAdd_ID548_97] = -40
time[NodeStreamOffset_ID56_98] = 3950
time[NodeStreamOffset_ID57_99] = 3949
time[NodeAdd_ID549_100] = -40
time[NodeAdd_ID556_101] = -26
time[NodeStreamOffset_ID58_102] = 3948
time[NodeStreamOffset_ID59_103] = 3947
time[NodeAdd_ID550_104] = -40
time[NodeStreamOffset_ID60_105] = 3946
time[NodeStreamOffset_ID61_106] = 3945
time[NodeAdd_ID551_107] = -40
time[NodeAdd_ID557_108] = -26
time[NodeAdd_ID560_109] = -12
time[NodeAdd_ID561_110] = 2
time[NodeStreamOffset_ID62_111] = 3972
time[NodeStreamOffset_ID63_112] = 3971
time[NodeAdd_ID552_113] = -12
time[NodeStreamOffset_ID64_114] = 3970
time[NodeStreamOffset_ID65_115] = 3969
time[NodeAdd_ID553_116] = -12
time[NodeAdd_ID558_117] = 2
time[NodeAdd_ID562_118] = 16
time[NodeStreamOffset_ID66_119] = 3940
time[NodeStreamOffset_ID67_120] = 3939
time[NodeAdd_ID563_121] = -40
time[NodeStreamOffset_ID68_122] = 3938
time[NodeStreamOffset_ID69_123] = 3937
time[NodeAdd_ID564_124] = -40
time[NodeAdd_ID573_125] = -26
time[NodeStreamOffset_ID70_126] = 3936
time[NodeStreamOffset_ID71_127] = 3935
time[NodeAdd_ID565_128] = -40
time[NodeStreamOffset_ID72_129] = 3934
time[NodeStreamOffset_ID73_130] = 3933
time[NodeAdd_ID566_131] = -40
time[NodeAdd_ID574_132] = -26
time[NodeAdd_ID578_133] = -12
time[NodeStreamOffset_ID74_134] = 3932
time[NodeStreamOffset_ID75_135] = 3931
time[NodeAdd_ID567_136] = -40
time[NodeStreamOffset_ID76_137] = 3930
time[NodeStreamOffset_ID77_138] = 3929
time[NodeAdd_ID568_139] = -40
time[NodeAdd_ID575_140] = -26
time[NodeStreamOffset_ID78_141] = 3928
time[NodeStreamOffset_ID79_142] = 3927
time[NodeAdd_ID569_143] = -40
time[NodeStreamOffset_ID80_144] = 3926
time[NodeStreamOffset_ID81_145] = 3925
time[NodeAdd_ID570_146] = -40
time[NodeAdd_ID576_147] = -26
time[NodeAdd_ID579_148] = -12
time[NodeAdd_ID580_149] = 2
time[NodeStreamOffset_ID82_150] = 3952
time[NodeStreamOffset_ID83_151] = 3951
time[NodeAdd_ID571_152] = -12
time[NodeStreamOffset_ID84_153] = 3950
time[NodeStreamOffset_ID85_154] = 3949
time[NodeAdd_ID572_155] = -12
time[NodeAdd_ID577_156] = 2
time[NodeAdd_ID581_157] = 16
time[NodeAdd_ID982_158] = 30
time[NodeAdd_ID993_159] = 44
time[NodeStreamOffset_ID86_160] = 3960
time[NodeStreamOffset_ID87_161] = 3959
time[NodeAdd_ID582_162] = 0
time[NodeStreamOffset_ID88_163] = 3958
time[NodeStreamOffset_ID89_164] = 3957
time[NodeAdd_ID583_165] = 0
time[NodeAdd_ID592_166] = 14
time[NodeStreamOffset_ID90_167] = 3956
time[NodeStreamOffset_ID91_168] = 3955
time[NodeAdd_ID584_169] = 0
time[NodeStreamOffset_ID92_170] = 3954
time[NodeStreamOffset_ID93_171] = 3953
time[NodeAdd_ID585_172] = 0
time[NodeAdd_ID593_173] = 14
time[NodeAdd_ID597_174] = 28
time[NodeStreamOffset_ID94_175] = 3952
time[NodeStreamOffset_ID95_176] = 3951
time[NodeAdd_ID586_177] = 0
time[NodeStreamOffset_ID96_178] = 3950
time[NodeStreamOffset_ID97_179] = 3949
time[NodeAdd_ID587_180] = 0
time[NodeAdd_ID594_181] = 14
time[NodeStreamOffset_ID98_182] = 3948
time[NodeStreamOffset_ID99_183] = 3947
time[NodeAdd_ID588_184] = 0
time[NodeStreamOffset_ID100_185] = 3946
time[NodeStreamOffset_ID101_186] = 3945
time[NodeAdd_ID589_187] = 0
time[NodeAdd_ID595_188] = 14
time[NodeAdd_ID598_189] = 28
time[NodeAdd_ID599_190] = 42
time[NodeStreamOffset_ID102_191] = 3972
time[NodeStreamOffset_ID103_192] = 3971
time[NodeAdd_ID590_193] = 28
time[NodeStreamOffset_ID104_194] = 3970
time[NodeStreamOffset_ID105_195] = 3969
time[NodeAdd_ID591_196] = 28
time[NodeAdd_ID596_197] = 42
time[NodeAdd_ID600_198] = 56
time[NodeStreamOffset_ID106_199] = 2040
time[NodeStreamOffset_ID107_200] = 2039
time[NodeAdd_ID601_201] = 0
time[NodeStreamOffset_ID108_202] = 2038
time[NodeStreamOffset_ID109_203] = 2037
time[NodeAdd_ID602_204] = 0
time[NodeAdd_ID611_205] = 14
time[NodeStreamOffset_ID110_206] = 2036
time[NodeStreamOffset_ID111_207] = 2035
time[NodeAdd_ID603_208] = 0
time[NodeStreamOffset_ID112_209] = 2034
time[NodeStreamOffset_ID113_210] = 2033
time[NodeAdd_ID604_211] = 0
time[NodeAdd_ID612_212] = 14
time[NodeAdd_ID616_213] = 28
time[NodeStreamOffset_ID114_214] = 2032
time[NodeStreamOffset_ID115_215] = 2031
time[NodeAdd_ID605_216] = 0
time[NodeStreamOffset_ID116_217] = 2030
time[NodeStreamOffset_ID117_218] = 2029
time[NodeAdd_ID606_219] = 0
time[NodeAdd_ID613_220] = 14
time[NodeStreamOffset_ID118_221] = 2028
time[NodeStreamOffset_ID119_222] = 2027
time[NodeAdd_ID607_223] = 0
time[NodeStreamOffset_ID120_224] = 2026
time[NodeStreamOffset_ID121_225] = 2025
time[NodeAdd_ID608_226] = 0
time[NodeAdd_ID614_227] = 14
time[NodeAdd_ID617_228] = 28
time[NodeAdd_ID618_229] = 42
time[NodeStreamOffset_ID122_230] = 2052
time[NodeStreamOffset_ID123_231] = 2051
time[NodeAdd_ID609_232] = 28
time[NodeStreamOffset_ID124_233] = 2050
time[NodeStreamOffset_ID125_234] = 2049
time[NodeAdd_ID610_235] = 28
time[NodeAdd_ID615_236] = 42
time[NodeAdd_ID619_237] = 56
time[NodeAdd_ID983_238] = 70
time[NodeStreamOffset_ID126_239] = 2020
time[NodeStreamOffset_ID127_240] = 2019
time[NodeAdd_ID620_241] = 0
time[NodeStreamOffset_ID128_242] = 2018
time[NodeStreamOffset_ID129_243] = 2017
time[NodeAdd_ID621_244] = 0
time[NodeAdd_ID630_245] = 14
time[NodeStreamOffset_ID130_246] = 2016
time[NodeStreamOffset_ID131_247] = 2015
time[NodeAdd_ID622_248] = 0
time[NodeStreamOffset_ID132_249] = 2014
time[NodeStreamOffset_ID133_250] = 2013
time[NodeAdd_ID623_251] = 0
time[NodeAdd_ID631_252] = 14
time[NodeAdd_ID635_253] = 28
time[NodeStreamOffset_ID134_254] = 2012
time[NodeStreamOffset_ID135_255] = 2011
time[NodeAdd_ID624_256] = 0
time[NodeStreamOffset_ID136_257] = 2010
time[NodeStreamOffset_ID137_258] = 2009
time[NodeAdd_ID625_259] = 0
time[NodeAdd_ID632_260] = 14
time[NodeStreamOffset_ID138_261] = 2008
time[NodeStreamOffset_ID139_262] = 2007
time[NodeAdd_ID626_263] = 0
time[NodeStreamOffset_ID140_264] = 2006
time[NodeStreamOffset_ID141_265] = 2005
time[NodeAdd_ID627_266] = 0
time[NodeAdd_ID633_267] = 14
time[NodeAdd_ID636_268] = 28
time[NodeAdd_ID637_269] = 42
time[NodeStreamOffset_ID142_270] = 2032
time[NodeStreamOffset_ID143_271] = 2031
time[NodeAdd_ID628_272] = 28
time[NodeStreamOffset_ID144_273] = 2030
time[NodeStreamOffset_ID145_274] = 2029
time[NodeAdd_ID629_275] = 28
time[NodeAdd_ID634_276] = 42
time[NodeAdd_ID638_277] = 56
time[NodeStreamOffset_ID146_278] = 2000
time[NodeStreamOffset_ID147_279] = 1999
time[NodeAdd_ID639_280] = 0
time[NodeStreamOffset_ID148_281] = 1998
time[NodeStreamOffset_ID149_282] = 1997
time[NodeAdd_ID640_283] = 0
time[NodeAdd_ID649_284] = 14
time[NodeStreamOffset_ID150_285] = 1996
time[NodeStreamOffset_ID151_286] = 1995
time[NodeAdd_ID641_287] = 0
time[NodeStreamOffset_ID152_288] = 1994
time[NodeStreamOffset_ID153_289] = 1993
time[NodeAdd_ID642_290] = 0
time[NodeAdd_ID650_291] = 14
time[NodeAdd_ID654_292] = 28
time[NodeStreamOffset_ID154_293] = 1992
time[NodeStreamOffset_ID155_294] = 1991
time[NodeAdd_ID643_295] = 0
time[NodeStreamOffset_ID156_296] = 1990
time[NodeStreamOffset_ID157_297] = 1989
time[NodeAdd_ID644_298] = 0
time[NodeAdd_ID651_299] = 14
time[NodeStreamOffset_ID158_300] = 1988
time[NodeStreamOffset_ID159_301] = 1987
time[NodeAdd_ID645_302] = 0
time[NodeStreamOffset_ID160_303] = 1986
time[NodeStreamOffset_ID161_304] = 1985
time[NodeAdd_ID646_305] = 0
time[NodeAdd_ID652_306] = 14
time[NodeAdd_ID655_307] = 28
time[NodeAdd_ID656_308] = 42
time[NodeStreamOffset_ID162_309] = 2012
time[NodeStreamOffset_ID163_310] = 2011
time[NodeAdd_ID647_311] = 28
time[NodeStreamOffset_ID164_312] = 2010
time[NodeStreamOffset_ID165_313] = 2009
time[NodeAdd_ID648_314] = 28
time[NodeAdd_ID653_315] = 42
time[NodeAdd_ID657_316] = 56
time[NodeAdd_ID984_317] = 70
time[NodeAdd_ID994_318] = 84
time[NodeAdd_ID999_319] = 98
time[NodeStreamOffset_ID166_320] = 3960
time[NodeStreamOffset_ID167_321] = 3959
time[NodeAdd_ID658_322] = 1980
time[NodeStreamOffset_ID168_323] = 3958
time[NodeStreamOffset_ID169_324] = 3957
time[NodeAdd_ID659_325] = 1980
time[NodeAdd_ID668_326] = 1994
time[NodeStreamOffset_ID170_327] = 3956
time[NodeStreamOffset_ID171_328] = 3955
time[NodeAdd_ID660_329] = 1980
time[NodeStreamOffset_ID172_330] = 3954
time[NodeStreamOffset_ID173_331] = 3953
time[NodeAdd_ID661_332] = 1980
time[NodeAdd_ID669_333] = 1994
time[NodeAdd_ID673_334] = 2008
time[NodeStreamOffset_ID174_335] = 3952
time[NodeStreamOffset_ID175_336] = 3951
time[NodeAdd_ID662_337] = 1980
time[NodeStreamOffset_ID176_338] = 3950
time[NodeStreamOffset_ID177_339] = 3949
time[NodeAdd_ID663_340] = 1980
time[NodeAdd_ID670_341] = 1994
time[NodeStreamOffset_ID178_342] = 3948
time[NodeStreamOffset_ID179_343] = 3947
time[NodeAdd_ID664_344] = 1980
time[NodeStreamOffset_ID180_345] = 3946
time[NodeStreamOffset_ID181_346] = 3945
time[NodeAdd_ID665_347] = 1980
time[NodeAdd_ID671_348] = 1994
time[NodeAdd_ID674_349] = 2008
time[NodeAdd_ID675_350] = 2022
time[NodeStreamOffset_ID182_351] = 3972
time[NodeStreamOffset_ID183_352] = 3971
time[NodeAdd_ID666_353] = 2008
time[NodeStreamOffset_ID184_354] = 3970
time[NodeStreamOffset_ID185_355] = 3969
time[NodeAdd_ID667_356] = 2008
time[NodeAdd_ID672_357] = 2022
time[NodeAdd_ID676_358] = 2036
time[NodeStreamOffset_ID186_359] = 3940
time[NodeStreamOffset_ID187_360] = 3939
time[NodeAdd_ID677_361] = 1980
time[NodeStreamOffset_ID188_362] = 3938
time[NodeStreamOffset_ID189_363] = 3937
time[NodeAdd_ID678_364] = 1980
time[NodeAdd_ID687_365] = 1994
time[NodeStreamOffset_ID190_366] = 3936
time[NodeStreamOffset_ID191_367] = 3935
time[NodeAdd_ID679_368] = 1980
time[NodeStreamOffset_ID192_369] = 3934
time[NodeStreamOffset_ID193_370] = 3933
time[NodeAdd_ID680_371] = 1980
time[NodeAdd_ID688_372] = 1994
time[NodeAdd_ID692_373] = 2008
time[NodeStreamOffset_ID194_374] = 3932
time[NodeStreamOffset_ID195_375] = 3931
time[NodeAdd_ID681_376] = 1980
time[NodeStreamOffset_ID196_377] = 3930
time[NodeStreamOffset_ID197_378] = 3929
time[NodeAdd_ID682_379] = 1980
time[NodeAdd_ID689_380] = 1994
time[NodeStreamOffset_ID198_381] = 3928
time[NodeStreamOffset_ID199_382] = 3927
time[NodeAdd_ID683_383] = 1980
time[NodeStreamOffset_ID200_384] = 3926
time[NodeStreamOffset_ID201_385] = 3925
time[NodeAdd_ID684_386] = 1980
time[NodeAdd_ID690_387] = 1994
time[NodeAdd_ID693_388] = 2008
time[NodeAdd_ID694_389] = 2022
time[NodeStreamOffset_ID202_390] = 3952
time[NodeStreamOffset_ID203_391] = 3951
time[NodeAdd_ID685_392] = 2008
time[NodeStreamOffset_ID204_393] = 3950
time[NodeStreamOffset_ID205_394] = 3949
time[NodeAdd_ID686_395] = 2008
time[NodeAdd_ID691_396] = 2022
time[NodeAdd_ID695_397] = 2036
time[NodeAdd_ID985_398] = 2050
time[NodeStreamOffset_ID206_399] = 2020
time[NodeStreamOffset_ID207_400] = 2019
time[NodeAdd_ID696_401] = 1980
time[NodeStreamOffset_ID208_402] = 2018
time[NodeStreamOffset_ID209_403] = 2017
time[NodeAdd_ID697_404] = 1980
time[NodeAdd_ID706_405] = 1994
time[NodeStreamOffset_ID210_406] = 2016
time[NodeStreamOffset_ID211_407] = 2015
time[NodeAdd_ID698_408] = 1980
time[NodeStreamOffset_ID212_409] = 2014
time[NodeStreamOffset_ID213_410] = 2013
time[NodeAdd_ID699_411] = 1980
time[NodeAdd_ID707_412] = 1994
time[NodeAdd_ID711_413] = 2008
time[NodeStreamOffset_ID214_414] = 2012
time[NodeStreamOffset_ID215_415] = 2011
time[NodeAdd_ID700_416] = 1980
time[NodeStreamOffset_ID216_417] = 2010
time[NodeStreamOffset_ID217_418] = 2009
time[NodeAdd_ID701_419] = 1980
time[NodeAdd_ID708_420] = 1994
time[NodeStreamOffset_ID218_421] = 2008
time[NodeStreamOffset_ID219_422] = 2007
time[NodeAdd_ID702_423] = 1980
time[NodeStreamOffset_ID220_424] = 2006
time[NodeStreamOffset_ID221_425] = 2005
time[NodeAdd_ID703_426] = 1980
time[NodeAdd_ID709_427] = 1994
time[NodeAdd_ID712_428] = 2008
time[NodeAdd_ID713_429] = 2022
time[NodeStreamOffset_ID222_430] = 2032
time[NodeStreamOffset_ID223_431] = 2031
time[NodeAdd_ID704_432] = 2008
time[NodeStreamOffset_ID224_433] = 2030
time[NodeStreamOffset_ID225_434] = 2029
time[NodeAdd_ID705_435] = 2008
time[NodeAdd_ID710_436] = 2022
time[NodeAdd_ID714_437] = 2036
time[NodeStreamOffset_ID226_438] = 2000
time[NodeStreamOffset_ID227_439] = 1999
time[NodeAdd_ID715_440] = 1980
time[NodeStreamOffset_ID228_441] = 1998
time[NodeStreamOffset_ID229_442] = 1997
time[NodeAdd_ID716_443] = 1980
time[NodeAdd_ID725_444] = 1994
time[NodeStreamOffset_ID230_445] = 1996
time[NodeStreamOffset_ID231_446] = 1995
time[NodeAdd_ID717_447] = 1980
time[NodeStreamOffset_ID232_448] = 1994
time[NodeStreamOffset_ID233_449] = 1993
time[NodeAdd_ID718_450] = 1980
time[NodeAdd_ID726_451] = 1994
time[NodeAdd_ID730_452] = 2008
time[NodeStreamOffset_ID234_453] = 1992
time[NodeStreamOffset_ID235_454] = 1991
time[NodeAdd_ID719_455] = 1980
time[NodeStreamOffset_ID236_456] = 1990
time[NodeStreamOffset_ID237_457] = 1989
time[NodeAdd_ID720_458] = 1980
time[NodeAdd_ID727_459] = 1994
time[NodeStreamOffset_ID238_460] = 1988
time[NodeStreamOffset_ID239_461] = 1987
time[NodeAdd_ID721_462] = 1980
time[NodeStreamOffset_ID240_463] = 1986
time[NodeStreamOffset_ID241_464] = 1985
time[NodeAdd_ID722_465] = 1980
time[NodeAdd_ID728_466] = 1994
time[NodeAdd_ID731_467] = 2008
time[NodeAdd_ID732_468] = 2022
time[NodeStreamOffset_ID242_469] = 2012
time[NodeStreamOffset_ID243_470] = 2011
time[NodeAdd_ID723_471] = 2008
time[NodeStreamOffset_ID244_472] = 2010
time[NodeStreamOffset_ID245_473] = 2009
time[NodeAdd_ID724_474] = 2008
time[NodeAdd_ID729_475] = 2022
time[NodeAdd_ID733_476] = 2036
time[NodeAdd_ID986_477] = 2050
time[NodeAdd_ID995_478] = 2064
time[NodeStreamOffset_ID247_479] = 1979
time[NodeAdd_ID734_480] = 1980
time[NodeStreamOffset_ID248_481] = 1978
time[NodeStreamOffset_ID249_482] = 1977
time[NodeAdd_ID735_483] = 1980
time[NodeAdd_ID744_484] = 1994
time[NodeStreamOffset_ID250_485] = 1976
time[NodeStreamOffset_ID251_486] = 1975
time[NodeAdd_ID736_487] = 1980
time[NodeStreamOffset_ID252_488] = 1974
time[NodeStreamOffset_ID253_489] = 1973
time[NodeAdd_ID737_490] = 1980
time[NodeAdd_ID745_491] = 1994
time[NodeAdd_ID749_492] = 2008
time[NodeStreamOffset_ID254_493] = 1972
time[NodeStreamOffset_ID255_494] = 1971
time[NodeAdd_ID738_495] = 1980
time[NodeStreamOffset_ID256_496] = 1970
time[NodeStreamOffset_ID257_497] = 1969
time[NodeAdd_ID739_498] = 1980
time[NodeAdd_ID746_499] = 1994
time[NodeStreamOffset_ID258_500] = 1968
time[NodeStreamOffset_ID259_501] = 1967
time[NodeAdd_ID740_502] = 1980
time[NodeStreamOffset_ID260_503] = 1966
time[NodeStreamOffset_ID261_504] = 1965
time[NodeAdd_ID741_505] = 1980
time[NodeAdd_ID747_506] = 1994
time[NodeAdd_ID750_507] = 2008
time[NodeAdd_ID751_508] = 2022
time[NodeStreamOffset_ID262_509] = 1992
time[NodeStreamOffset_ID263_510] = 1991
time[NodeAdd_ID742_511] = 2008
time[NodeStreamOffset_ID264_512] = 1990
time[NodeStreamOffset_ID265_513] = 1989
time[NodeAdd_ID743_514] = 2008
time[NodeAdd_ID748_515] = 2022
time[NodeAdd_ID752_516] = 2036
time[NodeStreamOffset_ID266_517] = 1960
time[NodeStreamOffset_ID267_518] = 1959
time[NodeAdd_ID753_519] = 1980
time[NodeStreamOffset_ID268_520] = 1958
time[NodeStreamOffset_ID269_521] = 1957
time[NodeAdd_ID754_522] = 1980
time[NodeAdd_ID763_523] = 1994
time[NodeStreamOffset_ID270_524] = 1956
time[NodeStreamOffset_ID271_525] = 1955
time[NodeAdd_ID755_526] = 1980
time[NodeStreamOffset_ID272_527] = 1954
time[NodeStreamOffset_ID273_528] = 1953
time[NodeAdd_ID756_529] = 1980
time[NodeAdd_ID764_530] = 1994
time[NodeAdd_ID768_531] = 2008
time[NodeStreamOffset_ID274_532] = 1952
time[NodeStreamOffset_ID275_533] = 1951
time[NodeAdd_ID757_534] = 1980
time[NodeStreamOffset_ID276_535] = 1950
time[NodeStreamOffset_ID277_536] = 1949
time[NodeAdd_ID758_537] = 1980
time[NodeAdd_ID765_538] = 1994
time[NodeStreamOffset_ID278_539] = 1948
time[NodeStreamOffset_ID279_540] = 1947
time[NodeAdd_ID759_541] = 1980
time[NodeStreamOffset_ID280_542] = 1946
time[NodeStreamOffset_ID281_543] = 1945
time[NodeAdd_ID760_544] = 1980
time[NodeAdd_ID766_545] = 1994
time[NodeAdd_ID769_546] = 2008
time[NodeAdd_ID770_547] = 2022
time[NodeStreamOffset_ID282_548] = 1972
time[NodeStreamOffset_ID283_549] = 1971
time[NodeAdd_ID761_550] = 2008
time[NodeStreamOffset_ID284_551] = 1970
time[NodeStreamOffset_ID285_552] = 1969
time[NodeAdd_ID762_553] = 2008
time[NodeAdd_ID767_554] = 2022
time[NodeAdd_ID771_555] = 2036
time[NodeAdd_ID987_556] = 2050
time[NodeStreamOffset_ID286_557] = 1940
time[NodeStreamOffset_ID287_558] = 1939
time[NodeAdd_ID772_559] = 1980
time[NodeStreamOffset_ID288_560] = 1938
time[NodeStreamOffset_ID289_561] = 1937
time[NodeAdd_ID773_562] = 1980
time[NodeAdd_ID782_563] = 1994
time[NodeStreamOffset_ID290_564] = 1936
time[NodeStreamOffset_ID291_565] = 1935
time[NodeAdd_ID774_566] = 1980
time[NodeStreamOffset_ID292_567] = 1934
time[NodeStreamOffset_ID293_568] = 1933
time[NodeAdd_ID775_569] = 1980
time[NodeAdd_ID783_570] = 1994
time[NodeAdd_ID787_571] = 2008
time[NodeStreamOffset_ID294_572] = 1932
time[NodeStreamOffset_ID295_573] = 1931
time[NodeAdd_ID776_574] = 1980
time[NodeStreamOffset_ID296_575] = 1930
time[NodeStreamOffset_ID297_576] = 1929
time[NodeAdd_ID777_577] = 1980
time[NodeAdd_ID784_578] = 1994
time[NodeStreamOffset_ID298_579] = 1928
time[NodeStreamOffset_ID299_580] = 1927
time[NodeAdd_ID778_581] = 1980
time[NodeStreamOffset_ID300_582] = 1926
time[NodeStreamOffset_ID301_583] = 1925
time[NodeAdd_ID779_584] = 1980
time[NodeAdd_ID785_585] = 1994
time[NodeAdd_ID788_586] = 2008
time[NodeAdd_ID789_587] = 2022
time[NodeStreamOffset_ID302_588] = 1952
time[NodeStreamOffset_ID303_589] = 1951
time[NodeAdd_ID780_590] = 2008
time[NodeStreamOffset_ID304_591] = 1950
time[NodeStreamOffset_ID305_592] = 1949
time[NodeAdd_ID781_593] = 2008
time[NodeAdd_ID786_594] = 2022
time[NodeAdd_ID790_595] = 2036
time[NodeStreamOffset_ID306_596] = 20
time[NodeStreamOffset_ID307_597] = 19
time[NodeAdd_ID791_598] = 1980
time[NodeStreamOffset_ID308_599] = 18
time[NodeStreamOffset_ID309_600] = 17
time[NodeAdd_ID792_601] = 1980
time[NodeAdd_ID801_602] = 1994
time[NodeStreamOffset_ID310_603] = 16
time[NodeStreamOffset_ID311_604] = 15
time[NodeAdd_ID793_605] = 1980
time[NodeStreamOffset_ID312_606] = 14
time[NodeStreamOffset_ID313_607] = 13
time[NodeAdd_ID794_608] = 1980
time[NodeAdd_ID802_609] = 1994
time[NodeAdd_ID806_610] = 2008
time[NodeStreamOffset_ID314_611] = 12
time[NodeStreamOffset_ID315_612] = 11
time[NodeAdd_ID795_613] = 1980
time[NodeStreamOffset_ID316_614] = 10
time[NodeStreamOffset_ID317_615] = 9
time[NodeAdd_ID796_616] = 1980
time[NodeAdd_ID803_617] = 1994
time[NodeStreamOffset_ID318_618] = 8
time[NodeStreamOffset_ID319_619] = 7
time[NodeAdd_ID797_620] = 1980
time[NodeStreamOffset_ID320_621] = 6
time[NodeStreamOffset_ID321_622] = 5
time[NodeAdd_ID798_623] = 1980
time[NodeAdd_ID804_624] = 1994
time[NodeAdd_ID807_625] = 2008
time[NodeAdd_ID808_626] = 2022
time[NodeStreamOffset_ID322_627] = 32
time[NodeStreamOffset_ID323_628] = 31
time[NodeAdd_ID799_629] = 2008
time[NodeStreamOffset_ID324_630] = 30
time[NodeStreamOffset_ID325_631] = 29
time[NodeAdd_ID800_632] = 2008
time[NodeAdd_ID805_633] = 2022
time[NodeAdd_ID809_634] = 2036
time[NodeAdd_ID988_635] = 2050
time[NodeAdd_ID996_636] = 2064
time[NodeAdd_ID1000_637] = 2078
time[NodeAdd_ID1002_638] = 2092
time[NodeStreamOffset_ID326_639] = 2060
time[NodeStreamOffset_ID327_640] = 2059
time[NodeAdd_ID810_641] = 4040
time[NodeStreamOffset_ID328_642] = 2058
time[NodeStreamOffset_ID329_643] = 2057
time[NodeAdd_ID811_644] = 4040
time[NodeAdd_ID820_645] = 4054
time[NodeStreamOffset_ID330_646] = 2056
time[NodeStreamOffset_ID331_647] = 2055
time[NodeAdd_ID812_648] = 4040
time[NodeStreamOffset_ID332_649] = 2054
time[NodeStreamOffset_ID333_650] = 2053
time[NodeAdd_ID813_651] = 4040
time[NodeAdd_ID821_652] = 4054
time[NodeAdd_ID825_653] = 4068
time[NodeStreamOffset_ID334_654] = 2052
time[NodeStreamOffset_ID335_655] = 2051
time[NodeAdd_ID814_656] = 4040
time[NodeStreamOffset_ID336_657] = 2050
time[NodeStreamOffset_ID337_658] = 2049
time[NodeAdd_ID815_659] = 4040
time[NodeAdd_ID822_660] = 4054
time[NodeStreamOffset_ID338_661] = 2048
time[NodeStreamOffset_ID339_662] = 2047
time[NodeAdd_ID816_663] = 4040
time[NodeStreamOffset_ID340_664] = 2046
time[NodeStreamOffset_ID341_665] = 2045
time[NodeAdd_ID817_666] = 4040
time[NodeAdd_ID823_667] = 4054
time[NodeAdd_ID826_668] = 4068
time[NodeAdd_ID827_669] = 4082
time[NodeStreamOffset_ID342_670] = 2072
time[NodeStreamOffset_ID343_671] = 2071
time[NodeAdd_ID818_672] = 4068
time[NodeStreamOffset_ID344_673] = 2070
time[NodeStreamOffset_ID345_674] = 2069
time[NodeAdd_ID819_675] = 4068
time[NodeAdd_ID824_676] = 4082
time[NodeAdd_ID828_677] = 4096
time[NodeStreamOffset_ID346_678] = 2040
time[NodeStreamOffset_ID347_679] = 2039
time[NodeAdd_ID829_680] = 4040
time[NodeStreamOffset_ID348_681] = 2038
time[NodeStreamOffset_ID349_682] = 2037
time[NodeAdd_ID830_683] = 4040
time[NodeAdd_ID839_684] = 4054
time[NodeStreamOffset_ID350_685] = 2036
time[NodeStreamOffset_ID351_686] = 2035
time[NodeAdd_ID831_687] = 4040
time[NodeStreamOffset_ID352_688] = 2034
time[NodeStreamOffset_ID353_689] = 2033
time[NodeAdd_ID832_690] = 4040
time[NodeAdd_ID840_691] = 4054
time[NodeAdd_ID844_692] = 4068
time[NodeStreamOffset_ID354_693] = 2032
time[NodeStreamOffset_ID355_694] = 2031
time[NodeAdd_ID833_695] = 4040
time[NodeStreamOffset_ID356_696] = 2030
time[NodeStreamOffset_ID357_697] = 2029
time[NodeAdd_ID834_698] = 4040
time[NodeAdd_ID841_699] = 4054
time[NodeStreamOffset_ID358_700] = 2028
time[NodeStreamOffset_ID359_701] = 2027
time[NodeAdd_ID835_702] = 4040
time[NodeStreamOffset_ID360_703] = 2026
time[NodeStreamOffset_ID361_704] = 2025
time[NodeAdd_ID836_705] = 4040
time[NodeAdd_ID842_706] = 4054
time[NodeAdd_ID845_707] = 4068
time[NodeAdd_ID846_708] = 4082
time[NodeStreamOffset_ID362_709] = 2052
time[NodeStreamOffset_ID363_710] = 2051
time[NodeAdd_ID837_711] = 4068
time[NodeStreamOffset_ID364_712] = 2050
time[NodeStreamOffset_ID365_713] = 2049
time[NodeAdd_ID838_714] = 4068
time[NodeAdd_ID843_715] = 4082
time[NodeAdd_ID847_716] = 4096
time[NodeAdd_ID989_717] = 4110
time[NodeStreamOffset_ID366_718] = 2020
time[NodeStreamOffset_ID367_719] = 2019
time[NodeAdd_ID848_720] = 4040
time[NodeStreamOffset_ID368_721] = 2018
time[NodeStreamOffset_ID369_722] = 2017
time[NodeAdd_ID849_723] = 4040
time[NodeAdd_ID858_724] = 4054
time[NodeStreamOffset_ID370_725] = 2016
time[NodeStreamOffset_ID371_726] = 2015
time[NodeAdd_ID850_727] = 4040
time[NodeStreamOffset_ID372_728] = 2014
time[NodeStreamOffset_ID373_729] = 2013
time[NodeAdd_ID851_730] = 4040
time[NodeAdd_ID859_731] = 4054
time[NodeAdd_ID863_732] = 4068
time[NodeStreamOffset_ID374_733] = 2012
time[NodeStreamOffset_ID375_734] = 2011
time[NodeAdd_ID852_735] = 4040
time[NodeStreamOffset_ID376_736] = 2010
time[NodeStreamOffset_ID377_737] = 2009
time[NodeAdd_ID853_738] = 4040
time[NodeAdd_ID860_739] = 4054
time[NodeStreamOffset_ID378_740] = 2008
time[NodeStreamOffset_ID379_741] = 2007
time[NodeAdd_ID854_742] = 4040
time[NodeStreamOffset_ID380_743] = 2006
time[NodeStreamOffset_ID381_744] = 2005
time[NodeAdd_ID855_745] = 4040
time[NodeAdd_ID861_746] = 4054
time[NodeAdd_ID864_747] = 4068
time[NodeAdd_ID865_748] = 4082
time[NodeStreamOffset_ID382_749] = 2032
time[NodeStreamOffset_ID383_750] = 2031
time[NodeAdd_ID856_751] = 4068
time[NodeStreamOffset_ID384_752] = 2030
time[NodeStreamOffset_ID385_753] = 2029
time[NodeAdd_ID857_754] = 4068
time[NodeAdd_ID862_755] = 4082
time[NodeAdd_ID866_756] = 4096
time[NodeStreamOffset_ID386_757] = 2000
time[NodeStreamOffset_ID387_758] = 1999
time[NodeAdd_ID867_759] = 4040
time[NodeStreamOffset_ID388_760] = 1998
time[NodeStreamOffset_ID389_761] = 1997
time[NodeAdd_ID868_762] = 4040
time[NodeAdd_ID877_763] = 4054
time[NodeStreamOffset_ID390_764] = 1996
time[NodeStreamOffset_ID391_765] = 1995
time[NodeAdd_ID869_766] = 4040
time[NodeStreamOffset_ID392_767] = 1994
time[NodeStreamOffset_ID393_768] = 1993
time[NodeAdd_ID870_769] = 4040
time[NodeAdd_ID878_770] = 4054
time[NodeAdd_ID882_771] = 4068
time[NodeStreamOffset_ID394_772] = 1992
time[NodeStreamOffset_ID395_773] = 1991
time[NodeAdd_ID871_774] = 4040
time[NodeStreamOffset_ID396_775] = 1990
time[NodeStreamOffset_ID397_776] = 1989
time[NodeAdd_ID872_777] = 4040
time[NodeAdd_ID879_778] = 4054
time[NodeStreamOffset_ID398_779] = 1988
time[NodeStreamOffset_ID399_780] = 1987
time[NodeAdd_ID873_781] = 4040
time[NodeStreamOffset_ID400_782] = 1986
time[NodeStreamOffset_ID401_783] = 1985
time[NodeAdd_ID874_784] = 4040
time[NodeAdd_ID880_785] = 4054
time[NodeAdd_ID883_786] = 4068
time[NodeAdd_ID884_787] = 4082
time[NodeStreamOffset_ID402_788] = 2012
time[NodeStreamOffset_ID403_789] = 2011
time[NodeAdd_ID875_790] = 4068
time[NodeStreamOffset_ID404_791] = 2010
time[NodeStreamOffset_ID405_792] = 2009
time[NodeAdd_ID876_793] = 4068
time[NodeAdd_ID881_794] = 4082
time[NodeAdd_ID885_795] = 4096
time[NodeAdd_ID990_796] = 4110
time[NodeAdd_ID997_797] = 4124
time[NodeStreamOffset_ID406_798] = 80
time[NodeStreamOffset_ID407_799] = 79
time[NodeAdd_ID886_800] = 4040
time[NodeStreamOffset_ID408_801] = 78
time[NodeStreamOffset_ID409_802] = 77
time[NodeAdd_ID887_803] = 4040
time[NodeAdd_ID896_804] = 4054
time[NodeStreamOffset_ID410_805] = 76
time[NodeStreamOffset_ID411_806] = 75
time[NodeAdd_ID888_807] = 4040
time[NodeStreamOffset_ID412_808] = 74
time[NodeStreamOffset_ID413_809] = 73
time[NodeAdd_ID889_810] = 4040
time[NodeAdd_ID897_811] = 4054
time[NodeAdd_ID901_812] = 4068
time[NodeStreamOffset_ID414_813] = 72
time[NodeStreamOffset_ID415_814] = 71
time[NodeAdd_ID890_815] = 4040
time[NodeStreamOffset_ID416_816] = 70
time[NodeStreamOffset_ID417_817] = 69
time[NodeAdd_ID891_818] = 4040
time[NodeAdd_ID898_819] = 4054
time[NodeStreamOffset_ID418_820] = 68
time[NodeStreamOffset_ID419_821] = 67
time[NodeAdd_ID892_822] = 4040
time[NodeStreamOffset_ID420_823] = 66
time[NodeStreamOffset_ID421_824] = 65
time[NodeAdd_ID893_825] = 4040
time[NodeAdd_ID899_826] = 4054
time[NodeAdd_ID902_827] = 4068
time[NodeAdd_ID903_828] = 4082
time[NodeStreamOffset_ID422_829] = 92
time[NodeStreamOffset_ID423_830] = 91
time[NodeAdd_ID894_831] = 4068
time[NodeStreamOffset_ID424_832] = 90
time[NodeStreamOffset_ID425_833] = 89
time[NodeAdd_ID895_834] = 4068
time[NodeAdd_ID900_835] = 4082
time[NodeAdd_ID904_836] = 4096
time[NodeStreamOffset_ID426_837] = 60
time[NodeStreamOffset_ID427_838] = 59
time[NodeAdd_ID905_839] = 4040
time[NodeStreamOffset_ID428_840] = 58
time[NodeStreamOffset_ID429_841] = 57
time[NodeAdd_ID906_842] = 4040
time[NodeAdd_ID915_843] = 4054
time[NodeStreamOffset_ID430_844] = 56
time[NodeStreamOffset_ID431_845] = 55
time[NodeAdd_ID907_846] = 4040
time[NodeStreamOffset_ID432_847] = 54
time[NodeStreamOffset_ID433_848] = 53
time[NodeAdd_ID908_849] = 4040
time[NodeAdd_ID916_850] = 4054
time[NodeAdd_ID920_851] = 4068
time[NodeStreamOffset_ID434_852] = 52
time[NodeStreamOffset_ID435_853] = 51
time[NodeAdd_ID909_854] = 4040
time[NodeStreamOffset_ID436_855] = 50
time[NodeStreamOffset_ID437_856] = 49
time[NodeAdd_ID910_857] = 4040
time[NodeAdd_ID917_858] = 4054
time[NodeStreamOffset_ID438_859] = 48
time[NodeStreamOffset_ID439_860] = 47
time[NodeAdd_ID911_861] = 4040
time[NodeStreamOffset_ID440_862] = 46
time[NodeStreamOffset_ID441_863] = 45
time[NodeAdd_ID912_864] = 4040
time[NodeAdd_ID918_865] = 4054
time[NodeAdd_ID921_866] = 4068
time[NodeAdd_ID922_867] = 4082
time[NodeStreamOffset_ID442_868] = 72
time[NodeStreamOffset_ID443_869] = 71
time[NodeAdd_ID913_870] = 4068
time[NodeStreamOffset_ID444_871] = 70
time[NodeStreamOffset_ID445_872] = 69
time[NodeAdd_ID914_873] = 4068
time[NodeAdd_ID919_874] = 4082
time[NodeAdd_ID923_875] = 4096
time[NodeAdd_ID991_876] = 4110
time[NodeStreamOffset_ID446_877] = 40
time[NodeStreamOffset_ID447_878] = 39
time[NodeAdd_ID924_879] = 4040
time[NodeStreamOffset_ID448_880] = 38
time[NodeStreamOffset_ID449_881] = 37
time[NodeAdd_ID925_882] = 4040
time[NodeAdd_ID934_883] = 4054
time[NodeStreamOffset_ID450_884] = 36
time[NodeStreamOffset_ID451_885] = 35
time[NodeAdd_ID926_886] = 4040
time[NodeStreamOffset_ID452_887] = 34
time[NodeStreamOffset_ID453_888] = 33
time[NodeAdd_ID927_889] = 4040
time[NodeAdd_ID935_890] = 4054
time[NodeAdd_ID939_891] = 4068
time[NodeStreamOffset_ID454_892] = 32
time[NodeStreamOffset_ID455_893] = 31
time[NodeAdd_ID928_894] = 4040
time[NodeStreamOffset_ID456_895] = 30
time[NodeStreamOffset_ID457_896] = 29
time[NodeAdd_ID929_897] = 4040
time[NodeAdd_ID936_898] = 4054
time[NodeStreamOffset_ID458_899] = 28
time[NodeStreamOffset_ID459_900] = 27
time[NodeAdd_ID930_901] = 4040
time[NodeStreamOffset_ID460_902] = 26
time[NodeStreamOffset_ID461_903] = 25
time[NodeAdd_ID931_904] = 4040
time[NodeAdd_ID937_905] = 4054
time[NodeAdd_ID940_906] = 4068
time[NodeAdd_ID941_907] = 4082
time[NodeStreamOffset_ID462_908] = 52
time[NodeStreamOffset_ID463_909] = 51
time[NodeAdd_ID932_910] = 4068
time[NodeStreamOffset_ID464_911] = 50
time[NodeStreamOffset_ID465_912] = 49
time[NodeAdd_ID933_913] = 4068
time[NodeAdd_ID938_914] = 4082
time[NodeAdd_ID942_915] = 4096
time[NodeStreamOffset_ID466_916] = 20
time[NodeStreamOffset_ID467_917] = 19
time[NodeAdd_ID943_918] = 4040
time[NodeStreamOffset_ID468_919] = 18
time[NodeStreamOffset_ID469_920] = 17
time[NodeAdd_ID944_921] = 4040
time[NodeAdd_ID953_922] = 4054
time[NodeStreamOffset_ID470_923] = 16
time[NodeStreamOffset_ID471_924] = 15
time[NodeAdd_ID945_925] = 4040
time[NodeStreamOffset_ID472_926] = 14
time[NodeStreamOffset_ID473_927] = 13
time[NodeAdd_ID946_928] = 4040
time[NodeAdd_ID954_929] = 4054
time[NodeAdd_ID958_930] = 4068
time[NodeStreamOffset_ID474_931] = 12
time[NodeStreamOffset_ID475_932] = 11
time[NodeAdd_ID947_933] = 4040
time[NodeStreamOffset_ID476_934] = 10
time[NodeStreamOffset_ID477_935] = 9
time[NodeAdd_ID948_936] = 4040
time[NodeAdd_ID955_937] = 4054
time[NodeStreamOffset_ID478_938] = 8
time[NodeStreamOffset_ID479_939] = 7
time[NodeAdd_ID949_940] = 4040
time[NodeStreamOffset_ID480_941] = 6
time[NodeStreamOffset_ID481_942] = 5
time[NodeAdd_ID950_943] = 4040
time[NodeAdd_ID956_944] = 4054
time[NodeAdd_ID959_945] = 4068
time[NodeAdd_ID960_946] = 4082
time[NodeStreamOffset_ID482_947] = 32
time[NodeStreamOffset_ID483_948] = 31
time[NodeAdd_ID951_949] = 4068
time[NodeStreamOffset_ID484_950] = 30
time[NodeStreamOffset_ID485_951] = 29
time[NodeAdd_ID952_952] = 4068
time[NodeAdd_ID957_953] = 4082
time[NodeAdd_ID961_954] = 4096
time[NodeAdd_ID992_955] = 4110
time[NodeAdd_ID998_956] = 4124
time[NodeAdd_ID1001_957] = 4138
time[NodeStreamOffset_ID486_958] = 42
time[NodeStreamOffset_ID487_959] = 41
time[NodeAdd_ID962_960] = 4082
time[NodeStreamOffset_ID488_961] = 40
time[NodeStreamOffset_ID489_962] = 39
time[NodeAdd_ID963_963] = 4082
time[NodeAdd_ID972_964] = 4096
time[NodeStreamOffset_ID490_965] = 38
time[NodeStreamOffset_ID491_966] = 37
time[NodeAdd_ID964_967] = 4082
time[NodeStreamOffset_ID492_968] = 36
time[NodeStreamOffset_ID493_969] = 35
time[NodeAdd_ID965_970] = 4082
time[NodeAdd_ID973_971] = 4096
time[NodeAdd_ID977_972] = 4110
time[NodeStreamOffset_ID494_973] = 34
time[NodeStreamOffset_ID495_974] = 33
time[NodeAdd_ID966_975] = 4082
time[NodeStreamOffset_ID496_976] = 32
time[NodeStreamOffset_ID497_977] = 31
time[NodeAdd_ID967_978] = 4082
time[NodeAdd_ID974_979] = 4096
time[NodeStreamOffset_ID498_980] = 30
time[NodeStreamOffset_ID499_981] = 29
time[NodeAdd_ID968_982] = 4082
time[NodeStreamOffset_ID500_983] = 28
time[NodeStreamOffset_ID501_984] = 27
time[NodeAdd_ID969_985] = 4082
time[NodeAdd_ID975_986] = 4096
time[NodeAdd_ID978_987] = 4110
time[NodeAdd_ID979_988] = 4124
time[NodeStreamOffset_ID502_989] = 54
time[NodeStreamOffset_ID503_990] = 53
time[NodeAdd_ID970_991] = 4110
time[NodeStreamOffset_ID504_992] = 52
time[NodeStreamOffset_ID505_993] = 51
time[NodeAdd_ID971_994] = 4110
time[NodeAdd_ID976_995] = 4124
time[NodeAdd_ID980_996] = 4138
time[NodeAdd_ID1003_997] = 4152
time[NodeAdd_ID1004_998] = 4166
time[NodeOutput_ID1012_999] = 4180
time[NodeCounterV1_ID1015_1000] = -1
time[NodeStreamOffset_ID1016_1001] = -1
time[NodeOutputMappedReg_ID1018_1002] = 0
time[NodeCounterV1_ID1021_1003] = -4
time[NodeEq_ID1024_1004] = -4
time[NodeFlush_ID1022_1005] = -3
