星期二 14:44: PROGRESS: MaxCompiler version: 2013.2.2
星期二 14:44: PROGRESS: Build "DBSCAN" start time: Tue Jul 21 14:44:26 BST 2015
星期二 14:44: PROGRESS: Main build process running as user trli on host cccad3.doc.ic.ac.uk
星期二 14:44: INFO    : Loading build properties from bundled MaxCompiler_build.conf...
星期二 14:44: INFO    : No default external build property file has been specified.
星期二 14:44: INFO    : (Set environment variable MAXCOMPILER_DEFAULT_CONF_FILE to assign one)
星期二 14:44: INFO    : User build properties not found in file: /home/trli/.MaxCompiler_build_user.conf
星期二 14:44: INFO    : No user-specified external build property file has been specified.
星期二 14:44: INFO    : (Set environment variable MAXCOMPILER_BUILD_CONF_FILE to assign one)
星期二 14:44: PROGRESS: Build location: /home/trli/github/DBSCAN/EngineCode/hardware/DBSCAN/build/./DBSCAN_MAIA_DFE_SIM
星期二 14:44: PROGRESS: Detailed build log available in "_build.log"
星期二 14:44: INFO    : Created build manager DBSCAN (DBSCAN_MAIA_DFE_SIM Tue Jul 21 14:44:26 BST 2015). (14:44:26 21/07/15)
星期二 14:44: INFO    : Working in dir: /home/trli/github/DBSCAN/EngineCode/hardware/DBSCAN/build/./DBSCAN_MAIA_DFE_SIM
星期二 14:44: INFO    : Java class path (2 paths):
星期二 14:44: INFO    : 	/vol/cc/opt/maxeler/maxcompiler-2013.2.2/lib/MaxCompiler.jar
星期二 14:44: INFO    : 	.
星期二 14:44: INFO    : Java process started by 'main' method in class 'DBSCANManager'.
星期二 14:44: INFO    : build.arbitrated_core_cache parameter is blank, not using core-cache
星期二 14:44: INFO    : Checking license files in directory: /vol/cc/opt/maxeler/maxcompiler-2013.2.2/licenses
星期二 14:44: INFO    : All license signatures valid.
星期二 14:44: INFO    : Backing-up source-files (old source files in build directory will be removed first)...
星期二 14:44: INFO    : Source directories: ../src/EngineCode
星期二 14:44: INFO    : Not deleting directory (does not exist): src
星期二 14:44: WARNING : Disabling MPCX since this setting is not available for simulations.
星期二 14:44: INFO    : Running command:  quartus_fit | head -n 5 > quartus_version_test
星期二 14:44: INFO    : Installed Quartus version: 13.0
星期二 14:44: INFO    : No hash stored for Quartus version v13_0_0
星期二 14:44: USER    : 
星期二 14:44: USER    : ENGINE BUILD PARAMETERS
星期二 14:44: USER    : 	 Build name: DBSCAN_MAIA_DFE_SIM
星期二 14:44: USER    : 	   DFEModel: MAIA               
星期二 14:44: USER    : 	maxFileName: DBSCAN             
星期二 14:44: USER    : 	     target: DFE_SIM            
星期二 14:44: USER    : 	 enableMPCX: true               
星期二 14:44: PROGRESS: Instantiating kernel "DBSCANKernel"
星期二 14:44: INFO    : Manager Configuration:
星期二 14:44: INFO    : 	ManagerConfiguration.allowNonMultipleTransitions = false             [Init: false]
星期二 14:44: INFO    : 	ManagerConfiguration.board = MAX4848A                                [Init: null, init: MAX4848A]
星期二 14:44: INFO    : 	ManagerConfiguration.build.buildEffort = MEDIUM                      [Init: MEDIUM]
星期二 14:44: INFO    : 	ManagerConfiguration.build.enableChipScopeInserter = false           [Init: false]
星期二 14:44: INFO    : 	ManagerConfiguration.build.enableTimingAnalysis = true               [Init: true]
星期二 14:44: INFO    : 	ManagerConfiguration.build.level = FULL_BUILD                        [Init: FULL_BUILD]
星期二 14:44: INFO    : 	ManagerConfiguration.build.mpprContinueAfterMeetingTiming = false    [Init: false]
星期二 14:44: INFO    : 	ManagerConfiguration.build.mpprCtMax = 1                             [Init: 1]
星期二 14:44: INFO    : 	ManagerConfiguration.build.mpprCtMin = 1                             [Init: 1]
星期二 14:44: INFO    : 	ManagerConfiguration.build.mpprParallelism = 1                       [Init: 1]
星期二 14:44: INFO    : 	ManagerConfiguration.build.mpprRetryMissesThrshld = 0                [Init: 0]
星期二 14:44: INFO    : 	ManagerConfiguration.build.optGoal = AREA                            [Init: AREA]
星期二 14:44: INFO    : 	ManagerConfiguration.build.physSynthAsyncPipelining = AUTO           [Init: AUTO]
星期二 14:44: INFO    : 	ManagerConfiguration.build.physSynthCombLogic = AUTO                 [Init: AUTO]
星期二 14:44: INFO    : 	ManagerConfiguration.build.physSynthCombLogicForArea = AUTO          [Init: AUTO]
星期二 14:44: INFO    : 	ManagerConfiguration.build.physSynthEffort = AUTO                    [Init: AUTO]
星期二 14:44: INFO    : 	ManagerConfiguration.build.physSynthRegDuplication = AUTO            [Init: AUTO]
星期二 14:44: INFO    : 	ManagerConfiguration.build.physSynthRetiming = AUTO                  [Init: AUTO]
星期二 14:44: INFO    : 	ManagerConfiguration.build.physicalSynthesis = false                 [Init: false]
星期二 14:44: INFO    : 	ManagerConfiguration.buildTarget = DFE_SIM                           [Init: null, init: DFE_SIM]
星期二 14:44: INFO    : 	ManagerConfiguration.debug.chipscopeCaptureDepth = 4096              [Init: 4096]
星期二 14:44: INFO    : 	ManagerConfiguration.debug.fifoUnderOverFlowRegs = false             [Init: false]
星期二 14:44: INFO    : 	ManagerConfiguration.debug.memCtlDebugRegs = true                    [Init: true]
星期二 14:44: INFO    : 	ManagerConfiguration.debug.memCtlExtraDebugRegs = false              [Init: false]
星期二 14:44: INFO    : 	ManagerConfiguration.debug.memMarginingSupport = false               [Init: false]
星期二 14:44: INFO    : 	ManagerConfiguration.debug.memPhyDebugRegister = NONE                [Init: NONE]
星期二 14:44: INFO    : 	ManagerConfiguration.debug.memPllLockDebugRegs = true                [Init: true]
星期二 14:44: INFO    : 	ManagerConfiguration.debug.streamStatus = false                      [Init: false]
星期二 14:44: INFO    : 	ManagerConfiguration.debug.streamStatusChecksums = false             [Init: false]
星期二 14:44: INFO    : 	ManagerConfiguration.dram.addressGeneratorsInSlowClock = false       [Init: false]
星期二 14:44: INFO    : 	ManagerConfiguration.dram.arbitrationMode = ROUND_ROBIN              [Init: ROUND_ROBIN]
星期二 14:44: INFO    : 	ManagerConfiguration.dram.burstSize = 8                              [Init: 8]
星期二 14:44: INFO    : 	ManagerConfiguration.dram.cmdFifoInReg = false                       [Init: false]
星期二 14:44: INFO    : 	ManagerConfiguration.dram.cmdFifoLutRam = false                      [Init: false]
星期二 14:44: INFO    : 	ManagerConfiguration.dram.cmdFifoRegInRam = true                     [Init: true]
星期二 14:44: INFO    : 	ManagerConfiguration.dram.cmdFifoSize = 31                           [Init: 31]
星期二 14:44: INFO    : 	ManagerConfiguration.dram.dataFifoDepth = 512                        [Init: 512]
星期二 14:44: INFO    : 	ManagerConfiguration.dram.dataFifoLutRam = false                     [Init: false]
星期二 14:44: INFO    : 	ManagerConfiguration.dram.dataFifoWidth = 792                        [Init: 792]
星期二 14:44: INFO    : 	ManagerConfiguration.dram.eccMode = true                             [Init: false, change: true]
星期二 14:44: INFO    : 	ManagerConfiguration.dram.fabricDataFifoReg = true                   [Init: true]
星期二 14:44: INFO    : 	ManagerConfiguration.dram.fabricRdDataFifoReg = false                [Init: false]
星期二 14:44: INFO    : 	ManagerConfiguration.dram.flagSupport = false                        [Init: false]
星期二 14:44: INFO    : 	ManagerConfiguration.dram.highPrioStream = false                     [Init: false]
星期二 14:44: INFO    : 	ManagerConfiguration.dram.max2CompatMode = false                     [Init: false]
星期二 14:44: INFO    : 	ManagerConfiguration.dram.max4m_MAIA_MCP_UseRefClk = false           [Init: false]
星期二 14:44: INFO    : 	ManagerConfiguration.dram.max4qrateMode = false                      [Init: false]
星期二 14:44: INFO    : 	ManagerConfiguration.dram.memCmdIncSize = 8                          [Init: 8]
星期二 14:44: INFO    : 	ManagerConfiguration.dram.memCmdStartAddrSize = 32                   [Init: 32]
星期二 14:44: INFO    : 	ManagerConfiguration.dram.onCardMemFreq = 400.0                      [Init: 0.0, change: 400.0]
星期二 14:44: INFO    : 	ManagerConfiguration.dram.parEccDebugStream = false                  [Init: false]
星期二 14:44: INFO    : 	ManagerConfiguration.dram.parityEccWidth = 72                        [Init: 0, change: 72]
星期二 14:44: INFO    : 	ManagerConfiguration.dram.parityMode = true                          [Init: false, change: true]
星期二 14:44: INFO    : 	ManagerConfiguration.dram.perdqsPhaseDetect = false                  [Init: false]
星期二 14:44: INFO    : 	ManagerConfiguration.dram.performanceMode = true                     [Init: true]
星期二 14:44: INFO    : 	ManagerConfiguration.enableMPCX = false                              [Init: false, init: true, change: false]
星期二 14:44: INFO    : 	ManagerConfiguration.maxring.maxringConnections = []                 [Init: []]
星期二 14:44: INFO    : 	ManagerConfiguration.maxring.maxringNumLanes = {}                    [Init: {}]
星期二 14:44: INFO    : 	ManagerConfiguration.multiCycleMappedMemoryBus = false               [Init: false]
星期二 14:44: INFO    : 	ManagerConfiguration.pcie.numPCIeLanes = 8                           [Init: 0, change: 8]
星期二 14:44: INFO    : 	ManagerConfiguration.pcie.pcieFastClock = true                       [Init: false, change: true]
星期二 14:44: INFO    : 	ManagerConfiguration.pcie.streamFromHostMaxNum = 0                   [Init: 0]
星期二 14:44: INFO    : 	ManagerConfiguration.pcie.streamToHostMaxNum = 0                     [Init: 0]
星期二 14:44: INFO    : 	ManagerConfiguration.persona.boardModel = MAX4848A                   [Init: null, change: MAX4848A]
星期二 14:44: INFO    : 	ManagerConfiguration.persona.ddr3Frq = 400.0                         [Init: 400.0]
星期二 14:44: INFO    : 	ManagerConfiguration.persona.ddr3Qmode = false                       [Init: false]
星期二 14:44: INFO    : 	ManagerConfiguration.persona.disableMultiplePersona = true           [Init: false, change: true]
星期二 14:44: INFO    : 	ManagerConfiguration.persona.dynamic_scaling = false                 [Init: false]
星期二 14:44: INFO    : 	ManagerConfiguration.persona.fastBuild = true                        [Init: false, change: true]
星期二 14:44: INFO    : 	ManagerConfiguration.persona.maxRingLocal = false                    [Init: false]
星期二 14:44: INFO    : 	ManagerConfiguration.persona.maxRingOptical = false                  [Init: false]
星期二 14:44: INFO    : 	ManagerConfiguration.persona.maxringDataRate = 2500                  [Init: 2500]
星期二 14:44: INFO    : 	ManagerConfiguration.persona.mode = InitMode                         [Init: Off, change: InitMode]
星期二 14:44: INFO    : 	ManagerConfiguration.persona.panMaxRingA = false                     [Init: false]
星期二 14:44: INFO    : 	ManagerConfiguration.persona.panMaxRingB = false                     [Init: false]
星期二 14:44: INFO    : 	ManagerConfiguration.persona.personaInterfaceVersion = 1             [Init: 1]
星期二 14:44: INFO    : 	ManagerConfiguration.persona.streamClks = 1                          [Init: 1]
星期二 14:44: INFO    : 	ManagerConfiguration.persona.streamFrq = [100.0]                     [Init: [150.0], change: [100.0]]
星期二 14:44: INFO    : 	ManagerConfiguration.persona.streamPs = [0]                          [Init: [0]]
星期二 14:44: INFO    : 	ManagerConfiguration.persona.usePCIeGen1 = true                      [Init: true]
星期二 14:44: INFO    : 	ManagerConfiguration.simulation.nativeFloatingPoint = false          [Init: false]
星期二 14:44: INFO    : 	ManagerConfiguration.streamClockFrq = 100                            [Init: 100]
星期二 14:44: INFO    : 
星期二 14:44: INFO    :  -- 
星期二 14:44: PROGRESS: 
星期二 14:44: PROGRESS: Compiling kernel "DBSCANKernel"
星期二 14:44: INFO    : Configuration:
星期二 14:44: INFO    : 	KernelConfiguration.allowDSPCascading = true                                                [Init: true]
星期二 14:44: INFO    : 	KernelConfiguration.allowInputsOutputsBeforeFlushNode = false                               [Init: false]
星期二 14:44: INFO    : 	KernelConfiguration.allowZeroLatencyNodeHold = false                                        [Init: false]
星期二 14:44: INFO    : 	KernelConfiguration.board = MAX4848A                                                        [Init: MAX2116B, change: MAX4848A]
星期二 14:44: INFO    : 	KernelConfiguration.bramBitsThreshold = 2080                                                [Init: 2080]
星期二 14:44: INFO    : 	KernelConfiguration.buildTarget = MAXCOMPILERSIM_HOST_DRIVEN                                [Init: NONE, change: MAXCOMPILERSIM_HOST_DRIVEN]
星期二 14:44: INFO    : 	KernelConfiguration.cePipelining = 2                                                        [Init: 2]
星期二 14:44: INFO    : 	KernelConfiguration.clockPhaseBalanceThreshold = 0.1                                        [Init: 0.1]
星期二 14:44: INFO    : 	KernelConfiguration.clockPhasingRetries = 50                                                [Init: 50]
星期二 14:44: INFO    : 	KernelConfiguration.dumpNeighboursString =                                                  [Init: ]
星期二 14:44: INFO    : 	KernelConfiguration.enableCeReplication = true                                              [Init: true]
星期二 14:44: INFO    : 	KernelConfiguration.enableClockPhasePartitioning = false                                    [Init: false]
星期二 14:44: INFO    : 	KernelConfiguration.enableDebugIOControlRegs = true                                         [Init: true]
星期二 14:44: INFO    : 	KernelConfiguration.enableDummyBuild = false                                                [Init: false]
星期二 14:44: INFO    : 	KernelConfiguration.enableKernelProfiler = false                                            [Init: false]
星期二 14:44: INFO    : 	KernelConfiguration.enablePipelinedComputeController = false                                [Init: false]
星期二 14:44: INFO    : 	KernelConfiguration.enableShadowRegister = false                                            [Init: false]
星期二 14:44: INFO    : 	KernelConfiguration.fifoSrlRegisterStages = 1                                               [Init: 1]
星期二 14:44: INFO    : 	KernelConfiguration.flushOnInputDataCongtiguous = false                                     [Init: false]
星期二 14:44: INFO    : 	KernelConfiguration.hardwareDebugDepth = 512                                                [Init: 512]
星期二 14:44: INFO    : 	KernelConfiguration.hwHierarchyMode = UNSET                                                 [Init: UNSET]
星期二 14:44: INFO    : 	KernelConfiguration.latencyAnnotation = false                                               [Init: false]
星期二 14:44: INFO    : 	KernelConfiguration.latencyAnnotationIOs =                                                  [Init: null]
星期二 14:44: INFO    : 	KernelConfiguration.maxCoalescedFifoWidth = 2147483647                                      [Init: 2147483647]
星期二 14:44: INFO    : 	KernelConfiguration.maxPreAdderFanOut = 1                                                   [Init: 1]
星期二 14:44: INFO    : 	KernelConfiguration.netlistMode = false                                                     [Init: false]
星期二 14:44: INFO    : 	KernelConfiguration.numPhotonStateMachines = 1                                              [Init: 1]
星期二 14:44: INFO    : 	KernelConfiguration.optimizations.ceCounterRegisterDuplication = 1                          [Init: 1]
星期二 14:44: INFO    : 	KernelConfiguration.optimizations.conditionalArithmetic = true                              [Init: true]
星期二 14:44: INFO    : 	KernelConfiguration.optimizations.counterChainWrapPipelining = 0                            [Init: 0]
星期二 14:44: INFO    : 	KernelConfiguration.optimizations.dspAddChain =                                             [Init: null]
星期二 14:44: INFO    : 	KernelConfiguration.optimizations.enableActiveFanoutReduction = false                       [Init: false]
星期二 14:44: INFO    : 	KernelConfiguration.optimizations.enableBUFGCE = false                                      [Init: false]
星期二 14:44: INFO    : 	KernelConfiguration.optimizations.enableBetterInputRegistering = false                      [Init: false]
星期二 14:44: INFO    : 	KernelConfiguration.optimizations.enableBetterRegistering = false                           [Init: false]
星期二 14:44: INFO    : 	KernelConfiguration.optimizations.enableFIFOCoalescingAcrossPlacementConstraints = false    [Init: false]
星期二 14:44: INFO    : 	KernelConfiguration.optimizations.enableFifoCoalescing = true                               [Init: true]
星期二 14:44: INFO    : 	KernelConfiguration.optimizations.enableFullPrecisionBinaryOpConstants = false              [Init: false]
星期二 14:44: INFO    : 	KernelConfiguration.optimizations.enableIntegratedRounding = false                          [Init: false]
星期二 14:44: INFO    : 	KernelConfiguration.optimizations.enableMappedMemoryHostReadBack = true                     [Init: true]
星期二 14:44: INFO    : 	KernelConfiguration.optimizations.enableMultiCycleReset = false                             [Init: false]
星期二 14:44: INFO    : 	KernelConfiguration.optimizations.enablePowerTwoFloatMult = true                            [Init: true]
星期二 14:44: INFO    : 	KernelConfiguration.optimizations.enableStateMachineRegisterMerging = true                  [Init: true]
星期二 14:44: INFO    : 	KernelConfiguration.optimizations.inputFlushDistanceFactor = 0                              [Init: 0]
星期二 14:44: INFO    : 	KernelConfiguration.optimizations.minimumStaticFIFOSplitDepth = 1                           [Init: 1]
星期二 14:44: INFO    : 	KernelConfiguration.optimizations.optimizationTechnique = DEFAULT                           [Init: DEFAULT]
星期二 14:44: INFO    : 	KernelConfiguration.optimizations.triAdd = true                                             [Init: true]
星期二 14:44: INFO    : 	KernelConfiguration.partialReconfBlockName =                                                [Init: ]
星期二 14:44: INFO    : 	KernelConfiguration.partialReconfMode = false                                               [Init: false]
星期二 14:44: INFO    : 	KernelConfiguration.partialReconfTemplate = false                                           [Init: false]
星期二 14:44: INFO    : 	KernelConfiguration.replicateNodeCeLog2NumPartitions = 0                                    [Init: 0]
星期二 14:44: INFO    : 	KernelConfiguration.romBRAMBitsThreshold = 2080                                             [Init: 2080]
星期二 14:44: INFO    : 	KernelConfiguration.simulation.ramAddressCollisionBehaviour = EXCEPTION                     [Init: EXCEPTION]
星期二 14:44: INFO    : 	KernelConfiguration.simulation.ramOutOfBoundsAccessBehaviour = EXCEPTION                    [Init: EXCEPTION]
星期二 14:44: INFO    : 	KernelConfiguration.simulation.simProgressMessageFrequency = 0                              [Init: 0]
星期二 14:44: INFO    : 
星期二 14:44: INFO    :  -- 
星期二 14:44: WARNING : Warning (UNCONNECTED_DESIGN_ELEMENT):
星期二 14:44: WARNING : Unconnected elements in design 'DBSCANKernel'
星期二 14:44: WARNING : details in : /home/trli/github/DBSCAN/EngineCode/hardware/DBSCAN/build/DBSCAN_MAIA_DFE_SIM/scratch/DBSCANKernel_graph_warnings.txt
星期二 14:44: INFO    : Writing current graph to: DBSCAN_DBSCANKernel_original.pxg
星期二 14:44: INFO    : Running kernel graph-pass 'GeneratePXG'.
星期二 14:44: INFO    : Graph-pass 'GeneratePXG' took 949.435 ms (1 iterations)
星期二 14:44: INFO    : Running kernel graph-pass 'MarkConstantPass'.
星期二 14:44: INFO    : Graph-pass 'MarkConstantPass' took 5.44329 ms (1 iterations)
星期二 14:44: INFO    : Running kernel graph-pass 'ReachabilityPass'.
星期二 14:44: INFO    : Graph-pass 'ReachabilityPass' took 113.542 ms (1 iterations)
星期二 14:44: INFO    : Running kernel graph-pass 'FindInputsLeadingToFlush'.
星期二 14:44: INFO    : Graph-pass 'FindInputsLeadingToFlush' took 396.810 µs (1 iterations)
星期二 14:44: INFO    : Running kernel graph-pass 'CheckForStatefulToFlushViolations'.
星期二 14:44: INFO    : Graph-pass 'CheckForStatefulToFlushViolations' took 451.519 µs (1 iterations)
星期二 14:44: INFO    : Running kernel graph-pass 'CheckForInputToFlushViolations'.
星期二 14:44: INFO    : Graph-pass 'CheckForInputToFlushViolations' took 1.62914 ms (1 iterations)
星期二 14:44: INFO    : Not deleting directory (does not exist): neighbours
星期二 14:44: INFO    : Running Photon pre-schedule graph optimisations
星期二 14:44: INFO    : Running kernel graph-pass 'AlignOrEradicatePrintfs'.
星期二 14:44: INFO    : Graph-pass 'AlignOrEradicatePrintfs' took 2.23089 ms (1 iterations)
星期二 14:44: INFO    : Running kernel graph-pass 'FoldConstantsPass'.
星期二 14:44: INFO    : Graph-pass 'FoldConstantsPass' took 50.3107 ms (2 iterations)
星期二 14:44: INFO    : Running kernel graph-pass 'OptimiseNodesPass'.
星期二 14:44: INFO    : Graph-pass 'OptimiseNodesPass' took 42.3031 ms (2 iterations)
星期二 14:44: INFO    : Running kernel graph-pass 'DeleteRedundantNodes'.
星期二 14:44: INFO    : Graph-pass 'DeleteRedundantNodes' took 3.77927 ms (1 iterations)
星期二 14:44: INFO    : Running kernel graph-pass 'AlteraDSPExtractionGraphPass'.
星期二 14:44: INFO    : Optimized 0 sub-graphs into DSP multiply/add chains 
星期二 14:44: INFO    : Graph-pass 'AlteraDSPExtractionGraphPass' took 58.3420 ms (1 iterations)
星期二 14:44: INFO    : Running kernel graph-pass 'TriAddExtractionPass'.
星期二 14:44: INFO    : Graph-pass 'TriAddExtractionPass' took 4.14492 ms (1 iterations)
星期二 14:44: INFO    : Running kernel graph-pass 'ConditionalAddExtractionPass'.
星期二 14:44: INFO    : Optimized 0 sub-graphs into conditional adds/subs/triadds.
星期二 14:44: INFO    : Graph-pass 'ConditionalAddExtractionPass' took 3.69072 ms (1 iterations)
星期二 14:44: INFO    : Running kernel graph-pass 'PO2FPMultOptimiser'.
星期二 14:44: INFO    : Graph-pass 'PO2FPMultOptimiser' took 2.15459 ms (1 iterations)
星期二 14:44: INFO    : Running Photon simulation preparation
星期二 14:44: INFO    : Running kernel graph-pass 'PrepareSimulationPass'.
星期二 14:44: INFO    : Graph-pass 'PrepareSimulationPass' took 529.319 µs (1 iterations)
星期二 14:44: INFO    : Logging Photon stats to: DBSCANKernel_photon_stats.csv
星期二 14:44: INFO    : Running kernel graph-pass 'StatsPass'.
星期二 14:44: INFO    : Graph-pass 'StatsPass' took 3.73221 ms (1 iterations)
星期二 14:44: INFO    : Running kernel graph-pass 'CollectNumericExceptions'.
星期二 14:44: INFO    : Graph-pass 'CollectNumericExceptions' took 220.401 µs (1 iterations)
星期二 14:44: INFO    : Running kernel graph-pass 'StreamOffsetDivExpand'.
星期二 14:44: INFO    : Graph-pass 'StreamOffsetDivExpand' took 1.82206 ms (1 iterations)
星期二 14:44: INFO    : Running kernel graph-pass 'FindIllegalLoops'.
星期二 14:44: INFO    : Graph-pass 'FindIllegalLoops' took 4.67977 ms (1 iterations)
星期二 14:44: INFO    : Scheduling Photon graph (pass 1)
星期二 14:44: INFO    : Running kernel graph-pass 'MarkConstantPass'.
星期二 14:44: INFO    : Graph-pass 'MarkConstantPass' took 1.17043 ms (1 iterations)
星期二 14:44: INFO    : Running kernel graph-pass 'MIPScheduler'.
星期二 14:44: INFO    : Running command: "/vol/cc/opt/maxeler/maxcompiler-2013.2.2/bin/glpsol" --intopt  --model "scheduler.mod" --data "DBSCANKernel_scheduler_1_C.dat" --display "DBSCANKernel_scheduler_1_C.out" --log "DBSCANKernel_scheduler_1_C.log"
星期二 14:44: INFO    : Reading model section from scheduler.mod...
星期二 14:44: INFO    : 95 lines were read
星期二 14:44: INFO    : Reading data section from DBSCANKernel_scheduler_1_C.dat...
星期二 14:44: INFO    : 6084 lines were read
星期二 14:44: INFO    : Generating schedulingEquation...
星期二 14:44: INFO    : Generating bufferingEquation...
星期二 14:44: INFO    : Generating afterFlushNode...
星期二 14:44: INFO    : Generating forcePairConstraints...
星期二 14:44: INFO    : Generating forceAtEnd...
星期二 14:44: INFO    : Generating autoVarLatencyUserMin...
星期二 14:44: INFO    : Generating autoVarLatencyUserMax...
星期二 14:44: INFO    : Generating fifos...
星期二 14:44: INFO    : Model has been successfully generated
星期二 14:44: INFO    : ipp_basic_tech:  1 row(s) and 2 column(s) removed
星期二 14:44: INFO    : ipp_reduce_bnds: 1 pass(es) made, 0 bound(s) reduced
星期二 14:44: INFO    : ipp_basic_tech:  0 row(s) and 0 column(s) removed
星期二 14:44: INFO    : ipp_reduce_coef: 1 pass(es) made, 0 coefficient(s) reduced
星期二 14:44: INFO    : lpx_intopt: presolved MIP has 3007 rows, 2009 columns, 7516 non-zeros
星期二 14:44: INFO    : lpx_intopt: 2009 integer columns, none of which are binary
星期二 14:44: INFO    : lpx_adv_basis: size of triangular part = 3007
星期二 14:44: INFO    : Solving LP relaxation...
星期二 14:44: INFO    :       0:   objval =  -3.756010000e+05   infeas =   1.000000000e+00 (0)
星期二 14:44: INFO    :     200:   objval =  -3.756010000e+05   infeas =   9.979613098e-01 (0)
星期二 14:44: INFO    :     400:   objval =  -3.756010000e+05   infeas =   9.979613098e-01 (0)
星期二 14:44: INFO    :     600:   objval =  -3.754570000e+05   infeas =   9.979515045e-01 (0)
星期二 14:44: INFO    :     800:   objval =  -3.754570000e+05   infeas =   9.979515045e-01 (0)
星期二 14:44: INFO    :    1000:   objval =  -3.435210000e+05   infeas =   9.971066125e-01 (0)
星期二 14:44: INFO    :    1200:   objval =   3.149663900e+07   infeas =   3.443008600e-01 (0)
星期二 14:44: INFO    :    1400:   objval =   6.336863900e+07   infeas =   1.753845525e-02 (0)
星期二 14:44: INFO    :    1600:   objval =   6.436112000e+07   infeas =   1.206790187e-02 (0)
星期二 14:44: INFO    :    1800:   objval =   6.440457600e+07   infeas =   9.871509407e-03 (0)
星期二 14:44: INFO    :    2000:   objval =   6.455555200e+07   infeas =   3.328090209e-03 (0)
星期二 14:44: INFO    :    2200:   objval =   6.455555200e+07   infeas =   3.328090209e-03 (0)
星期二 14:44: INFO    :    2400:   objval =   6.455555200e+07   infeas =   3.323187547e-03 (0)
星期二 14:44: INFO    :    2527:   objval =   6.449225600e+07   infeas =   0.000000000e+00 (0)
星期二 14:44: INFO    : *  2527:   objval =   6.449225600e+07   infeas =   0.000000000e+00 (0)
星期二 14:44: INFO    : *  2600:   objval =   6.396457600e+07   infeas =   0.000000000e+00 (0)
星期二 14:44: INFO    : *  2800:   objval =   4.059891200e+07   infeas =   0.000000000e+00 (0)
星期二 14:44: INFO    : *  3000:   objval =   2.028540800e+07   infeas =   0.000000000e+00 (0)
星期二 14:44: INFO    : *  3200:   objval =   6.884128000e+06   infeas =   0.000000000e+00 (0)
星期二 14:44: INFO    : *  3400:   objval =   5.983360000e+05   infeas =   0.000000000e+00 (0)
星期二 14:44: INFO    : *  3600:   objval =   5.157120000e+05   infeas =   0.000000000e+00 (0)
星期二 14:44: INFO    : *  3768:   objval =   2.587840000e+05   infeas =   0.000000000e+00 (0)
星期二 14:44: INFO    : OPTIMAL SOLUTION FOUND
星期二 14:44: INFO    : Integer optimization begins...
星期二 14:44: INFO    : +  3768: mip =     not found yet >=              -inf        (1; 0)
星期二 14:44: INFO    : +  3768: >>>>>   2.587840000e+05 >=   2.587840000e+05   0.0% (1; 0)
星期二 14:44: INFO    : +  3768: mip =   2.587840000e+05 >=     tree is empty   0.0% (0; 1)
星期二 14:44: INFO    : INTEGER OPTIMAL SOLUTION FOUND
星期二 14:44: INFO    : Time used:   0.8 secs
星期二 14:44: INFO    : Memory used: 7.8 Mb (8168720 bytes)
星期二 14:44: INFO    : Model has been successfully processed
星期二 14:44: INFO    : Graph-pass 'MIPScheduler' took 1.09290 s (1 iterations)
星期二 14:44: INFO    : Running kernel graph-pass 'SubstituteEqPlaceholders'.
星期二 14:44: INFO    : Graph-pass 'SubstituteEqPlaceholders' took 834.023 µs (1 iterations)
星期二 14:44: INFO    : Running kernel graph-pass 'ScheduleApplier'.
星期二 14:44: INFO    : Graph-pass 'ScheduleApplier' took 24.3820 ms (1 iterations)
星期二 14:44: INFO    : Running kernel graph-pass 'StatsPass'.
星期二 14:44: INFO    : Graph-pass 'StatsPass' took 4.35634 ms (1 iterations)
星期二 14:44: INFO    : Running kernel graph-pass 'ReachabilityPass'.
星期二 14:44: INFO    : Graph-pass 'ReachabilityPass' took 29.2597 ms (1 iterations)
星期二 14:44: INFO    : Running kernel graph-pass 'CheckForInputToFlushViolations'.
星期二 14:44: INFO    : Graph-pass 'CheckForInputToFlushViolations' took 954.629 µs (1 iterations)
星期二 14:44: INFO    : Running Photon post-schedule graph optimisations (pass 1)
星期二 14:44: INFO    : Running kernel graph-pass 'TapFIFOsPass'.
星期二 14:44: INFO    : Graph-pass 'TapFIFOsPass' took 2.73752 ms (1 iterations)
星期二 14:44: INFO    : Running kernel graph-pass 'FoldFIFOsPass'.
星期二 14:44: INFO    : Graph-pass 'FoldFIFOsPass' took 689.382 µs (1 iterations)
星期二 14:44: INFO    : Running kernel graph-pass 'ValidateFIFOs'.
星期二 14:44: INFO    : Graph-pass 'ValidateFIFOs' took 226.522 µs (1 iterations)
星期二 14:44: INFO    : Scheduling Photon graph (pass 2)
星期二 14:44: INFO    : Running kernel graph-pass 'MarkConstantPass'.
星期二 14:44: INFO    : Graph-pass 'MarkConstantPass' took 1.14633 ms (1 iterations)
星期二 14:44: INFO    : Running kernel graph-pass 'MIPScheduler'.
星期二 14:44: INFO    : Running command: "/vol/cc/opt/maxeler/maxcompiler-2013.2.2/bin/glpsol" --intopt  --model "scheduler.mod" --data "DBSCANKernel_scheduler_2_C.dat" --display "DBSCANKernel_scheduler_2_C.out" --log "DBSCANKernel_scheduler_2_C.log"
星期二 14:44: INFO    : Reading model section from scheduler.mod...
星期二 14:44: INFO    : 95 lines were read
星期二 14:44: INFO    : Reading data section from DBSCANKernel_scheduler_2_C.dat...
星期二 14:44: INFO    : 6084 lines were read
星期二 14:44: INFO    : Generating schedulingEquation...
星期二 14:44: INFO    : Generating bufferingEquation...
星期二 14:44: INFO    : Generating afterFlushNode...
星期二 14:44: INFO    : Generating forcePairConstraints...
星期二 14:44: INFO    : Generating forceAtEnd...
星期二 14:44: INFO    : Generating autoVarLatencyUserMin...
星期二 14:44: INFO    : Generating autoVarLatencyUserMax...
星期二 14:44: INFO    : Generating fifos...
星期二 14:44: INFO    : Model has been successfully generated
星期二 14:44: INFO    : ipp_basic_tech:  1 row(s) and 2 column(s) removed
星期二 14:44: INFO    : ipp_reduce_bnds: 1 pass(es) made, 0 bound(s) reduced
星期二 14:44: INFO    : ipp_basic_tech:  0 row(s) and 0 column(s) removed
星期二 14:44: INFO    : ipp_reduce_coef: 1 pass(es) made, 0 coefficient(s) reduced
星期二 14:44: INFO    : lpx_intopt: presolved MIP has 3007 rows, 2009 columns, 7516 non-zeros
星期二 14:44: INFO    : lpx_intopt: 2009 integer columns, none of which are binary
星期二 14:44: INFO    : lpx_adv_basis: size of triangular part = 3007
星期二 14:44: INFO    : Solving LP relaxation...
星期二 14:44: INFO    :       0:   objval =  -3.756010000e+05   infeas =   1.000000000e+00 (0)
星期二 14:44: INFO    :     200:   objval =  -3.756010000e+05   infeas =   9.979613098e-01 (0)
星期二 14:44: INFO    :     400:   objval =  -3.756010000e+05   infeas =   9.979613098e-01 (0)
星期二 14:44: INFO    :     600:   objval =  -3.754570000e+05   infeas =   9.979515045e-01 (0)
星期二 14:44: INFO    :     800:   objval =  -3.754570000e+05   infeas =   9.979515045e-01 (0)
星期二 14:44: INFO    :    1000:   objval =  -3.435210000e+05   infeas =   9.971066125e-01 (0)
星期二 14:44: INFO    :    1200:   objval =   3.149663900e+07   infeas =   3.443008600e-01 (0)
星期二 14:44: INFO    :    1400:   objval =   6.336863900e+07   infeas =   1.753845525e-02 (0)
星期二 14:44: INFO    :    1600:   objval =   6.436112000e+07   infeas =   1.206790187e-02 (0)
星期二 14:44: INFO    :    1800:   objval =   6.440457600e+07   infeas =   9.871509407e-03 (0)
星期二 14:44: INFO    :    2000:   objval =   6.455555200e+07   infeas =   3.328090209e-03 (0)
星期二 14:44: INFO    :    2200:   objval =   6.455555200e+07   infeas =   3.328090209e-03 (0)
星期二 14:44: INFO    :    2400:   objval =   6.455555200e+07   infeas =   3.323187547e-03 (0)
星期二 14:44: INFO    :    2527:   objval =   6.449225600e+07   infeas =   0.000000000e+00 (0)
星期二 14:44: INFO    : *  2527:   objval =   6.449225600e+07   infeas =   0.000000000e+00 (0)
星期二 14:44: INFO    : *  2600:   objval =   6.396457600e+07   infeas =   0.000000000e+00 (0)
星期二 14:44: INFO    : *  2800:   objval =   4.059891200e+07   infeas =   0.000000000e+00 (0)
星期二 14:44: INFO    : *  3000:   objval =   2.028540800e+07   infeas =   0.000000000e+00 (0)
星期二 14:44: INFO    : *  3200:   objval =   6.884128000e+06   infeas =   0.000000000e+00 (0)
星期二 14:44: INFO    : *  3400:   objval =   5.983360000e+05   infeas =   0.000000000e+00 (0)
星期二 14:44: INFO    : *  3600:   objval =   5.157120000e+05   infeas =   0.000000000e+00 (0)
星期二 14:44: INFO    : *  3768:   objval =   2.587840000e+05   infeas =   0.000000000e+00 (0)
星期二 14:44: INFO    : OPTIMAL SOLUTION FOUND
星期二 14:44: INFO    : Integer optimization begins...
星期二 14:44: INFO    : +  3768: mip =     not found yet >=              -inf        (1; 0)
星期二 14:44: INFO    : +  3768: >>>>>   2.587840000e+05 >=   2.587840000e+05   0.0% (1; 0)
星期二 14:44: INFO    : +  3768: mip =   2.587840000e+05 >=     tree is empty   0.0% (0; 1)
星期二 14:44: INFO    : INTEGER OPTIMAL SOLUTION FOUND
星期二 14:44: INFO    : Time used:   0.8 secs
星期二 14:44: INFO    : Memory used: 7.8 Mb (8168720 bytes)
星期二 14:44: INFO    : Model has been successfully processed
星期二 14:44: INFO    : Deleting /home/trli/github/DBSCAN/EngineCode/hardware/DBSCAN/build/DBSCAN_MAIA_DFE_SIM/scratch/DBSCANKernel_schedule_report.csv
星期二 14:44: INFO    : Graph-pass 'MIPScheduler' took 1.05243 s (1 iterations)
星期二 14:44: INFO    : Running kernel graph-pass 'RemoveDistMeasurementNodes'.
星期二 14:44: INFO    : Graph-pass 'RemoveDistMeasurementNodes' took 23.9200 µs (1 iterations)
星期二 14:44: INFO    : Running kernel graph-pass 'SubstituteEqPlaceholders'.
星期二 14:44: INFO    : Graph-pass 'SubstituteEqPlaceholders' took 758.040 µs (1 iterations)
星期二 14:44: INFO    : Running kernel graph-pass 'ScheduleApplier'.
星期二 14:44: INFO    : Graph-pass 'ScheduleApplier' took 146.208 ms (1 iterations)
星期二 14:44: INFO    : Maximum stream latency for kernel 'DBSCANKernel': 4248
星期二 14:44: INFO    : Using user logic for flush.
星期二 14:44: INFO    : Running kernel graph-pass 'StatsPass'.
星期二 14:44: INFO    : Graph-pass 'StatsPass' took 8.29458 ms (1 iterations)
星期二 14:44: INFO    : Running Photon post-schedule graph optimisations (pass 2)
星期二 14:44: INFO    : Running kernel graph-pass 'TapFIFOsPass'.
星期二 14:44: INFO    : Graph-pass 'TapFIFOsPass' took 93.2848 ms (2 iterations)
星期二 14:44: INFO    : Running kernel graph-pass 'FoldFIFOsPass'.
星期二 14:44: INFO    : Graph-pass 'FoldFIFOsPass' took 1.16483 ms (1 iterations)
星期二 14:44: INFO    : Running kernel graph-pass 'MarkConstantPass'.
星期二 14:44: INFO    : Graph-pass 'MarkConstantPass' took 1.78112 ms (1 iterations)
星期二 14:44: INFO    : Running kernel graph-pass 'ScheduleAsserter'.
星期二 14:44: INFO    : Graph-pass 'ScheduleAsserter' took 3.58937 ms (1 iterations)
星期二 14:44: INFO    : Running kernel graph-pass 'ReplaceEvalStreamOffsetNodes'.
星期二 14:44: INFO    : Graph-pass 'ReplaceEvalStreamOffsetNodes' took 193.755 µs (1 iterations)
星期二 14:44: INFO    : Running kernel graph-pass 'FIFOReport'.
星期二 14:44: INFO    : Graph-pass 'FIFOReport' took 4.95159 ms (1 iterations)
星期二 14:44: INFO    : Running kernel graph-pass 'StatsPass'.
星期二 14:44: INFO    : Graph-pass 'StatsPass' took 4.57836 ms (1 iterations)
星期二 14:44: INFO    : Running kernel graph-pass 'RemoveUntypedConstants'.
星期二 14:44: INFO    : Graph-pass 'RemoveUntypedConstants' took 17.8159 ms (1 iterations)
星期二 14:44: INFO    : Running kernel graph-pass 'VariableSizeMappedRegInserter'.
星期二 14:44: INFO    : Graph-pass 'VariableSizeMappedRegInserter' took 221.557 µs (1 iterations)
星期二 14:44: INFO    : Running kernel graph-pass 'MarkConstantPass'.
星期二 14:44: INFO    : Graph-pass 'MarkConstantPass' took 1.22418 ms (1 iterations)
星期二 14:44: INFO    : Running kernel graph-pass 'MakeMaxFileNodeData'.
星期二 14:44: INFO    : Graph-pass 'MakeMaxFileNodeData' took 72.0005 ms (1 iterations)
星期二 14:44: INFO    : Running kernel graph-pass 'MoveFanoutRegsForwards'.
星期二 14:44: INFO    : Graph-pass 'MoveFanoutRegsForwards' took 312.380 µs (1 iterations)
星期二 14:44: INFO    : Optimization report for Kernel 'DBSCANKernel'.
星期二 14:44: INFO    : Enabled optimizations:
星期二 14:44: INFO    : 	DSP-MultAdd
星期二 14:44: INFO    : 	Tri-Adder
星期二 14:44: INFO    : 	Conditional (Tri)Adds/Subs/AddSubs
星期二 14:44: INFO    : 	Power-of-2 Floating Point
星期二 14:44: INFO    : Creating a preliminary MaxCompilerDesignData.dat. (@ CoreCompile DBSCANKernel)
星期二 14:44: INFO    : Running kernel graph-pass 'MarkConstantPass'.
星期二 14:44: INFO    : Graph-pass 'MarkConstantPass' took 1.86412 ms (1 iterations)
星期二 14:44: INFO    : Running kernel graph-pass 'MaxConstantLatency'.
星期二 14:44: INFO    : Graph-pass 'MaxConstantLatency' took 430.952 µs (1 iterations)
星期二 14:44: INFO    : Running kernel graph-pass 'SimCodeGraphPass'.
星期二 14:44: INFO    : Graph-pass 'SimCodeGraphPass' took 51.1029 ms (1 iterations)
星期二 14:44: INFO    : Writing current graph to: DBSCAN_DBSCANKernel_final-simulation.pxg
星期二 14:44: INFO    : Running kernel graph-pass 'GeneratePXG'.
星期二 14:44: INFO    : Graph-pass 'GeneratePXG' took 799.382 ms (1 iterations)
星期二 14:44: INFO    : Running manager compiler graph-pass: GenerateMXGInfo
星期二 14:44: INFO    : Running manager compiler graph-pass: CalculateBandwidthForward
星期二 14:44: INFO    : Running manager compiler graph-pass: CalculateBandwidthBackward
星期二 14:44: INFO    : Running manager compiler graph-pass: ScheduleStallLatency
星期二 14:44: INFO    : Running manager compiler graph-pass: ClockWidthAssignment
星期二 14:44: INFO    : Running manager compiler graph-pass: InsertDualAspectLogic
星期二 14:44: INFO    : Running manager compiler graph-pass: ClockWidthAssignment
星期二 14:44: INFO    : Running manager compiler graph-pass: InsertPullPushAdapter
星期二 14:44: INFO    : Running manager compiler graph-pass: ClockWidthAssignment
星期二 14:44: INFO    : Running manager compiler graph-pass: InsertStreamFifos
星期二 14:44: INFO    : Running manager compiler graph-pass: ClockWidthAssignment
星期二 14:44: INFO    : Running manager compiler graph-pass: InsertStreamStatus
星期二 14:44: INFO    : Running manager compiler graph-pass: InsertChipscope
星期二 14:44: INFO    : Inserted 0 chipscope manager nodes.
星期二 14:44: INFO    : Running manager compiler graph-pass: ClockWidthAssignment
星期二 14:44: INFO    : Running manager compiler graph-pass: BuildSoftwareSim
星期二 14:44: INFO    : Mapped register report:
星期二 14:44: INFO    : 	0	io_input_force_disabled	1bytes
星期二 14:44: INFO    : 	1	eps	4bytes
星期二 14:44: INFO    : 	5	minPts	4bytes
星期二 14:44: INFO    : 	9	io_output_force_disabled	1bytes
星期二 14:44: INFO    : 	a	run_cycle_count	6bytes
星期二 14:44: INFO    : 	10	current_run_cycle_count	6bytes
星期二 14:44: INFO    : 	16	dbg_ctld_almost_empty	1bytes
星期二 14:44: INFO    : 	17	dbg_ctld_done	1bytes
星期二 14:44: INFO    : 	18	dbg_ctld_empty	1bytes
星期二 14:44: INFO    : 	19	dbg_ctld_read	1bytes
星期二 14:44: INFO    : 	1a	dbg_ctld_read_pipe_dbg	1bytes
星期二 14:44: INFO    : 	1b	dbg_ctld_request	1bytes
星期二 14:44: INFO    : 	1c	dbg_done_out	1bytes
星期二 14:44: INFO    : 	1d	dbg_fill_level	2bytes
星期二 14:44: INFO    : 	1f	dbg_flush_level	2bytes
星期二 14:44: INFO    : 	21	dbg_flush_start	1bytes
星期二 14:44: INFO    : 	22	dbg_flush_start_level	2bytes
星期二 14:44: INFO    : 	24	dbg_flushing	1bytes
星期二 14:44: INFO    : 	25	dbg_full_level	2bytes
星期二 14:44: INFO    : 	27	dbg_out_stall	1bytes
星期二 14:44: INFO    : 	28	dbg_out_valid	1bytes
星期二 14:44: INFO    : 	29	dbg_stall_vector	1bytes
星期二 14:44: INFO    : 	2a	ifpga_ctrl	1bytes
星期二 14:44: INFO    : 	2b	SFA_FORWARD_EN	4bytes
星期二 14:44: INFO    : Mapped register chain length = 47
星期二 14:44: INFO    : Mapped memory report:
星期二 14:44: INFO    : 	No mapped memories in this design.
星期二 14:44: INFO    : Running manager compiler graph-pass: GenerateMXGInfo
星期二 14:44: INFO    : Running manager compiler graph-pass: GenerateSlicHostCode
星期二 14:44: INFO    : Generating SLIC interface information
星期二 14:44: INFO    : Generating SLIC code for interface 'default'
星期二 14:44: INFO    : Skipping blacklisted scalar parameter 'DBSCANKernel.current_run_cycle_count'
星期二 14:44: INFO    : Interface 'default' depends on parameter 'Eps'
星期二 14:44: INFO    : Interface 'default' depends on parameter 'MinPts'
星期二 14:44: INFO    : Interface 'default' depends on parameter 'N'
星期二 14:44: INFO    : Generating XML description for Maxfile
星期二 14:44: INFO    : Generating XML description for mode 'default'
星期二 14:44: INFO    : Skipping blacklisted scalar parameter 'DBSCANKernel.current_run_cycle_count'
星期二 14:44: INFO    : Interface 'default' depends on parameter 'Eps'
星期二 14:44: INFO    : Interface 'default' depends on parameter 'MinPts'
星期二 14:44: INFO    : Interface 'default' depends on parameter 'N'
星期二 14:44: INFO    : Adding SLIC sections to the maxfile
星期二 14:44: INFO    : Adding user files to the maxfile
星期二 14:44: INFO    : Generating SLIC include file
星期二 14:44: INFO    : Done generating SLIC interface information
星期二 14:44: PROGRESS: Running back-end simulation build (3 phases)
星期二 14:44: PROGRESS: (1/3) - Prepare MaxFile Data (GenerateMaxFileDataFile)
星期二 14:44: INFO    : Build pass 'GenerateMaxFileDataFile' took 20.9956 ms.
星期二 14:44: PROGRESS: (2/3) - Compile Simulation Modules (SimCompilePass)
星期二 14:44: INFO    : Running command: make -j2
星期二 14:44: INFO    : make[1]: Entering directory `/home/trli/github/DBSCAN/EngineCode/hardware/DBSCAN/build/DBSCAN_MAIA_DFE_SIM/scratch/software-sim/build'
星期二 14:44: INFO    : mkdir -p objdir
星期二 14:44: INFO    : mkdir -p stdsimheader.h.gch
星期二 14:44: INFO    : /vol/cc/opt/maxeler/maxcompiler-2013.2.2/lib/gcc/bin/g++ -c -I/usr/include/x86_64-linux-gnu -fPIC -D__USE_XOPEN2K8 -O3  -I. -I/vol/cc/opt/maxeler/maxcompiler-2013.2.2/lib/boost/include -I/vol/cc/opt/maxeler/maxcompiler-2013.2.2/lib/maxeleros-sim/include -I/vol/cc/opt/maxeler/maxcompiler-2013.2.2/lib/lwip_sim -I/vol/cc/opt/maxeler/maxcompiler-2013.2.2/lib/lwip_sim/include -I/vol/cc/opt/maxeler/maxcompiler-2013.2.2/lib/lwip_sim/include/arch -I/vol/cc/opt/maxeler/maxcompiler-2013.2.2/lib/lwip_sim/include/ipv4  -DHAVE_KERNELS -DMAXFILE_INC="../../MaxCompilerDesignData.dat" -g0  -DSLIC_NO_DECLARATIONS   -O0 -DOPTIMIZATION_LEVEL=0 -x c++-header \
星期二 14:44: INFO    : 		-o stdsimheader.h.gch/O0_stdsimheader.h.gch stdsimheader.h
星期二 14:44: INFO    : /vol/cc/opt/maxeler/maxcompiler-2013.2.2/lib/gcc/bin/g++ -c -I/usr/include/x86_64-linux-gnu -fPIC -D__USE_XOPEN2K8 -O3  -I. -I/vol/cc/opt/maxeler/maxcompiler-2013.2.2/lib/boost/include -I/vol/cc/opt/maxeler/maxcompiler-2013.2.2/lib/maxeleros-sim/include -I/vol/cc/opt/maxeler/maxcompiler-2013.2.2/lib/lwip_sim -I/vol/cc/opt/maxeler/maxcompiler-2013.2.2/lib/lwip_sim/include -I/vol/cc/opt/maxeler/maxcompiler-2013.2.2/lib/lwip_sim/include/arch -I/vol/cc/opt/maxeler/maxcompiler-2013.2.2/lib/lwip_sim/include/ipv4  -DHAVE_KERNELS -DMAXFILE_INC="../../MaxCompilerDesignData.dat" -g0  -DSLIC_NO_DECLARATIONS   -fno-implicit-templates -O2 -DOPTIMIZATION_LEVEL=2 -x c++-header \
星期二 14:44: INFO    : 		-o stdsimheader.h.gch/NoTplInst_O2_stdsimheader.h.gch stdsimheader.h
星期二 14:44: INFO    : make DBSCAN.so
星期二 14:44: INFO    : make[2]: Entering directory `/home/trli/github/DBSCAN/EngineCode/hardware/DBSCAN/build/DBSCAN_MAIA_DFE_SIM/scratch/software-sim/build'
星期二 14:44: INFO    : /vol/cc/opt/maxeler/maxcompiler-2013.2.2/lib/gcc/bin/g++ -c -I/usr/include/x86_64-linux-gnu -fPIC -D__USE_XOPEN2K8 -O3  -I. -I/vol/cc/opt/maxeler/maxcompiler-2013.2.2/lib/boost/include -I/vol/cc/opt/maxeler/maxcompiler-2013.2.2/lib/maxeleros-sim/include -I/vol/cc/opt/maxeler/maxcompiler-2013.2.2/lib/lwip_sim -I/vol/cc/opt/maxeler/maxcompiler-2013.2.2/lib/lwip_sim/include -I/vol/cc/opt/maxeler/maxcompiler-2013.2.2/lib/lwip_sim/include/arch -I/vol/cc/opt/maxeler/maxcompiler-2013.2.2/lib/lwip_sim/include/ipv4  -DHAVE_KERNELS -DMAXFILE_INC="../../MaxCompilerDesignData.dat" -g0  -DSLIC_NO_DECLARATIONS   -fno-implicit-templates -O2 -DOPTIMIZATION_LEVEL=2 -o objdir/DBSCANKernel_exec0.NoTplInst.O2.o DBSCANKernel_exec0.cpp
星期二 14:44: INFO    : /vol/cc/opt/maxeler/maxcompiler-2013.2.2/lib/gcc/bin/g++ -c -I/usr/include/x86_64-linux-gnu -fPIC -D__USE_XOPEN2K8 -O3  -I. -I/vol/cc/opt/maxeler/maxcompiler-2013.2.2/lib/boost/include -I/vol/cc/opt/maxeler/maxcompiler-2013.2.2/lib/maxeleros-sim/include -I/vol/cc/opt/maxeler/maxcompiler-2013.2.2/lib/lwip_sim -I/vol/cc/opt/maxeler/maxcompiler-2013.2.2/lib/lwip_sim/include -I/vol/cc/opt/maxeler/maxcompiler-2013.2.2/lib/lwip_sim/include/arch -I/vol/cc/opt/maxeler/maxcompiler-2013.2.2/lib/lwip_sim/include/ipv4  -DHAVE_KERNELS -DMAXFILE_INC="../../MaxCompilerDesignData.dat" -g0  -DSLIC_NO_DECLARATIONS   -fno-implicit-templates -O2 -DOPTIMIZATION_LEVEL=2 -o objdir/DBSCANKernel_exec1.NoTplInst.O2.o DBSCANKernel_exec1.cpp
星期二 14:44: INFO    : /vol/cc/opt/maxeler/maxcompiler-2013.2.2/lib/gcc/bin/g++ -I/usr/include/x86_64-linux-gnu -fPIC -D__USE_XOPEN2K8 -O3  -I. -I/vol/cc/opt/maxeler/maxcompiler-2013.2.2/lib/boost/include -I/vol/cc/opt/maxeler/maxcompiler-2013.2.2/lib/maxeleros-sim/include -I/vol/cc/opt/maxeler/maxcompiler-2013.2.2/lib/lwip_sim -I/vol/cc/opt/maxeler/maxcompiler-2013.2.2/lib/lwip_sim/include -I/vol/cc/opt/maxeler/maxcompiler-2013.2.2/lib/lwip_sim/include/arch -I/vol/cc/opt/maxeler/maxcompiler-2013.2.2/lib/lwip_sim/include/ipv4  -DHAVE_KERNELS -DMAXFILE_INC="../../MaxCompilerDesignData.dat" -g0  -DSLIC_NO_DECLARATIONS   -MM -MP -MT objdir/DBSCANKernel_exec1.NoTplInst.O2.o \
星期二 14:44: INFO    : 		DBSCANKernel_exec1.cpp > objdir/DBSCANKernel_exec1.NoTplInst.O2.d
星期二 14:44: INFO    : /vol/cc/opt/maxeler/maxcompiler-2013.2.2/lib/gcc/bin/g++ -I/usr/include/x86_64-linux-gnu -fPIC -D__USE_XOPEN2K8 -O3  -I. -I/vol/cc/opt/maxeler/maxcompiler-2013.2.2/lib/boost/include -I/vol/cc/opt/maxeler/maxcompiler-2013.2.2/lib/maxeleros-sim/include -I/vol/cc/opt/maxeler/maxcompiler-2013.2.2/lib/lwip_sim -I/vol/cc/opt/maxeler/maxcompiler-2013.2.2/lib/lwip_sim/include -I/vol/cc/opt/maxeler/maxcompiler-2013.2.2/lib/lwip_sim/include/arch -I/vol/cc/opt/maxeler/maxcompiler-2013.2.2/lib/lwip_sim/include/ipv4  -DHAVE_KERNELS -DMAXFILE_INC="../../MaxCompilerDesignData.dat" -g0  -DSLIC_NO_DECLARATIONS   -MM -MP -MT objdir/DBSCANKernel_exec0.NoTplInst.O2.o \
星期二 14:44: INFO    : 		DBSCANKernel_exec0.cpp > objdir/DBSCANKernel_exec0.NoTplInst.O2.d
星期二 14:44: INFO    : /vol/cc/opt/maxeler/maxcompiler-2013.2.2/lib/gcc/bin/g++ -c -I/usr/include/x86_64-linux-gnu -fPIC -D__USE_XOPEN2K8 -O3  -I. -I/vol/cc/opt/maxeler/maxcompiler-2013.2.2/lib/boost/include -I/vol/cc/opt/maxeler/maxcompiler-2013.2.2/lib/maxeleros-sim/include -I/vol/cc/opt/maxeler/maxcompiler-2013.2.2/lib/lwip_sim -I/vol/cc/opt/maxeler/maxcompiler-2013.2.2/lib/lwip_sim/include -I/vol/cc/opt/maxeler/maxcompiler-2013.2.2/lib/lwip_sim/include/arch -I/vol/cc/opt/maxeler/maxcompiler-2013.2.2/lib/lwip_sim/include/ipv4  -DHAVE_KERNELS -DMAXFILE_INC="../../MaxCompilerDesignData.dat" -g0  -DSLIC_NO_DECLARATIONS   -fno-implicit-templates -O2 -DOPTIMIZATION_LEVEL=2 -o objdir/DBSCANKernel_exec2.NoTplInst.O2.o DBSCANKernel_exec2.cpp
星期二 14:44: INFO    : /vol/cc/opt/maxeler/maxcompiler-2013.2.2/lib/gcc/bin/g++ -c -I/usr/include/x86_64-linux-gnu -fPIC -D__USE_XOPEN2K8 -O3  -I. -I/vol/cc/opt/maxeler/maxcompiler-2013.2.2/lib/boost/include -I/vol/cc/opt/maxeler/maxcompiler-2013.2.2/lib/maxeleros-sim/include -I/vol/cc/opt/maxeler/maxcompiler-2013.2.2/lib/lwip_sim -I/vol/cc/opt/maxeler/maxcompiler-2013.2.2/lib/lwip_sim/include -I/vol/cc/opt/maxeler/maxcompiler-2013.2.2/lib/lwip_sim/include/arch -I/vol/cc/opt/maxeler/maxcompiler-2013.2.2/lib/lwip_sim/include/ipv4  -DHAVE_KERNELS -DMAXFILE_INC="../../MaxCompilerDesignData.dat" -g0  -DSLIC_NO_DECLARATIONS   -O0 -DOPTIMIZATION_LEVEL=0 -o objdir/DBSCANKernel.O0.o DBSCANKernel.cpp
星期二 14:44: INFO    : /vol/cc/opt/maxeler/maxcompiler-2013.2.2/lib/gcc/bin/g++ -I/usr/include/x86_64-linux-gnu -fPIC -D__USE_XOPEN2K8 -O3  -I. -I/vol/cc/opt/maxeler/maxcompiler-2013.2.2/lib/boost/include -I/vol/cc/opt/maxeler/maxcompiler-2013.2.2/lib/maxeleros-sim/include -I/vol/cc/opt/maxeler/maxcompiler-2013.2.2/lib/lwip_sim -I/vol/cc/opt/maxeler/maxcompiler-2013.2.2/lib/lwip_sim/include -I/vol/cc/opt/maxeler/maxcompiler-2013.2.2/lib/lwip_sim/include/arch -I/vol/cc/opt/maxeler/maxcompiler-2013.2.2/lib/lwip_sim/include/ipv4  -DHAVE_KERNELS -DMAXFILE_INC="../../MaxCompilerDesignData.dat" -g0  -DSLIC_NO_DECLARATIONS   -MM -MP -MT objdir/DBSCANKernel_exec2.NoTplInst.O2.o \
星期二 14:44: INFO    : 		DBSCANKernel_exec2.cpp > objdir/DBSCANKernel_exec2.NoTplInst.O2.d
星期二 14:44: INFO    : /vol/cc/opt/maxeler/maxcompiler-2013.2.2/lib/gcc/bin/g++ -I/usr/include/x86_64-linux-gnu -fPIC -D__USE_XOPEN2K8 -O3  -I. -I/vol/cc/opt/maxeler/maxcompiler-2013.2.2/lib/boost/include -I/vol/cc/opt/maxeler/maxcompiler-2013.2.2/lib/maxeleros-sim/include -I/vol/cc/opt/maxeler/maxcompiler-2013.2.2/lib/lwip_sim -I/vol/cc/opt/maxeler/maxcompiler-2013.2.2/lib/lwip_sim/include -I/vol/cc/opt/maxeler/maxcompiler-2013.2.2/lib/lwip_sim/include/arch -I/vol/cc/opt/maxeler/maxcompiler-2013.2.2/lib/lwip_sim/include/ipv4  -DHAVE_KERNELS -DMAXFILE_INC="../../MaxCompilerDesignData.dat" -g0  -DSLIC_NO_DECLARATIONS   -MM -MP -MT objdir/DBSCANKernel.O0.o \
星期二 14:44: INFO    : 		DBSCANKernel.cpp > objdir/DBSCANKernel.O0.d
星期二 14:44: INFO    : /vol/cc/opt/maxeler/maxcompiler-2013.2.2/lib/gcc/bin/g++ -c -I/usr/include/x86_64-linux-gnu -fPIC -D__USE_XOPEN2K8 -O3  -I. -I/vol/cc/opt/maxeler/maxcompiler-2013.2.2/lib/boost/include -I/vol/cc/opt/maxeler/maxcompiler-2013.2.2/lib/maxeleros-sim/include -I/vol/cc/opt/maxeler/maxcompiler-2013.2.2/lib/lwip_sim -I/vol/cc/opt/maxeler/maxcompiler-2013.2.2/lib/lwip_sim/include -I/vol/cc/opt/maxeler/maxcompiler-2013.2.2/lib/lwip_sim/include/arch -I/vol/cc/opt/maxeler/maxcompiler-2013.2.2/lib/lwip_sim/include/ipv4  -DHAVE_KERNELS -DMAXFILE_INC="../../MaxCompilerDesignData.dat" -g0  -DSLIC_NO_DECLARATIONS   -O2 -DOPTIMIZATION_LEVEL=2 -o objdir/DBSCANKernel_Templates.O2.o DBSCANKernel_Templates.cpp
星期二 14:44: INFO    : /vol/cc/opt/maxeler/maxcompiler-2013.2.2/lib/gcc/bin/g++ -c -I/usr/include/x86_64-linux-gnu -fPIC -D__USE_XOPEN2K8 -O3  -I. -I/vol/cc/opt/maxeler/maxcompiler-2013.2.2/lib/boost/include -I/vol/cc/opt/maxeler/maxcompiler-2013.2.2/lib/maxeleros-sim/include -I/vol/cc/opt/maxeler/maxcompiler-2013.2.2/lib/lwip_sim -I/vol/cc/opt/maxeler/maxcompiler-2013.2.2/lib/lwip_sim/include -I/vol/cc/opt/maxeler/maxcompiler-2013.2.2/lib/lwip_sim/include/arch -I/vol/cc/opt/maxeler/maxcompiler-2013.2.2/lib/lwip_sim/include/ipv4  -DHAVE_KERNELS -DMAXFILE_INC="../../MaxCompilerDesignData.dat" -g0  -DSLIC_NO_DECLARATIONS   -O0 -DOPTIMIZATION_LEVEL=0 -o objdir/max_msi.O0.o max_msi.cpp
星期二 14:44: INFO    : /vol/cc/opt/maxeler/maxcompiler-2013.2.2/lib/gcc/bin/g++ -I/usr/include/x86_64-linux-gnu -fPIC -D__USE_XOPEN2K8 -O3  -I. -I/vol/cc/opt/maxeler/maxcompiler-2013.2.2/lib/boost/include -I/vol/cc/opt/maxeler/maxcompiler-2013.2.2/lib/maxeleros-sim/include -I/vol/cc/opt/maxeler/maxcompiler-2013.2.2/lib/lwip_sim -I/vol/cc/opt/maxeler/maxcompiler-2013.2.2/lib/lwip_sim/include -I/vol/cc/opt/maxeler/maxcompiler-2013.2.2/lib/lwip_sim/include/arch -I/vol/cc/opt/maxeler/maxcompiler-2013.2.2/lib/lwip_sim/include/ipv4  -DHAVE_KERNELS -DMAXFILE_INC="../../MaxCompilerDesignData.dat" -g0  -DSLIC_NO_DECLARATIONS   -MM -MP -MT objdir/max_msi.O0.o \
星期二 14:44: INFO    : 		max_msi.cpp > objdir/max_msi.O0.d
星期二 14:44: INFO    : /vol/cc/opt/maxeler/maxcompiler-2013.2.2/lib/gcc/bin/g++ -I/usr/include/x86_64-linux-gnu -fPIC -D__USE_XOPEN2K8 -O3  -I. -I/vol/cc/opt/maxeler/maxcompiler-2013.2.2/lib/boost/include -I/vol/cc/opt/maxeler/maxcompiler-2013.2.2/lib/maxeleros-sim/include -I/vol/cc/opt/maxeler/maxcompiler-2013.2.2/lib/lwip_sim -I/vol/cc/opt/maxeler/maxcompiler-2013.2.2/lib/lwip_sim/include -I/vol/cc/opt/maxeler/maxcompiler-2013.2.2/lib/lwip_sim/include/arch -I/vol/cc/opt/maxeler/maxcompiler-2013.2.2/lib/lwip_sim/include/ipv4  -DHAVE_KERNELS -DMAXFILE_INC="../../MaxCompilerDesignData.dat" -g0  -DSLIC_NO_DECLARATIONS   -MM -MP -MT objdir/DBSCANKernel_Templates.O2.o \
星期二 14:44: INFO    : 		DBSCANKernel_Templates.cpp > objdir/DBSCANKernel_Templates.O2.d
星期二 14:44: INFO    : /vol/cc/opt/maxeler/maxcompiler-2013.2.2/lib/gcc/bin/g++ -fPIC -shared -B/usr/lib/x86_64-linux-gnu -L/vol/cc/opt/maxeler/maxcompiler-2013.2.2/lib/boost/lib -lboost_thread -lboost_system -lboost_filesystem -lrt -pthread -O2 -s  -o DBSCAN.so objdir/DBSCANKernel_exec0.NoTplInst.O2.o objdir/DBSCANKernel_exec1.NoTplInst.O2.o objdir/DBSCANKernel_exec2.NoTplInst.O2.o objdir/DBSCANKernel.O0.o objdir/DBSCANKernel_Templates.O2.o objdir/max_msi.O0.o StructToGroupDummy.o Mux.o DualAspectMux.o Demux.o Fanout.o CapRegs.o IFPGARegs.o ChecksumMem.o PCIe.o KernelManagerBlockSync.o DualAspectReg.o PullPushAdapter.o FilePullSource.o max_shared_fifo.o SharedFIFO.o Fifos.o FilePushSink.o SimTerminator.o Watch.o StreamStatus.o RunLengthExpander.o ManagerBlock.o MappedElements.o ManagerSync.o PullSync.o PushSync.o DynamicVarUInt.o SimException.o DebugStreams.o AddressGenerator.o MemoryControllerPro.o MemoryControllerRAM.o MemoryControllerCommand.o MemoryControllerStreams.o MemoryControllerConfig.o TCP.o Ethernet.o Timestamp.o /vol/cc/opt/maxeler/maxcompiler-2013.2.2/lib/lwip_sim/lib/liblwip.a
星期二 14:44: INFO    : make[2]: Leaving directory `/home/trli/github/DBSCAN/EngineCode/hardware/DBSCAN/build/DBSCAN_MAIA_DFE_SIM/scratch/software-sim/build'
星期二 14:44: INFO    : make[1]: Leaving directory `/home/trli/github/DBSCAN/EngineCode/hardware/DBSCAN/build/DBSCAN_MAIA_DFE_SIM/scratch/software-sim/build'
星期二 14:44: INFO    : Build pass 'SimCompilePass' took 15.5101 s.
星期二 14:44: PROGRESS: (3/3) - Generate MaxFile (AddSimObjectToMaxFilePass)
星期二 14:44: INFO    : Build pass 'AddSimObjectToMaxFilePass' took 692.681 ms.
星期二 14:44: INFO    : Final result files after build: 
星期二 14:44: INFO    : Running command: ln -sf "../scratch/DBSCAN_DBSCANKernel_original.pxg"
星期二 14:44: INFO    : DBSCAN_DBSCANKernel_original.pxg (BuildFilePXG)
星期二 14:44: INFO    : Running command: ln -sf "../scratch/DBSCANKernel_Configuration.txt"
星期二 14:44: INFO    : DBSCANKernel_Configuration.txt (BuildFile)
星期二 14:44: INFO    : Running command: ln -sf "../scratch/DBSCANKernel_NodeDiary.txt"
星期二 14:44: INFO    : DBSCANKernel_NodeDiary.txt (BuildFile)
星期二 14:44: INFO    : Running command: ln -sf "../scratch/DBSCAN_DBSCANKernel_final-simulation.pxg"
星期二 14:44: INFO    : DBSCAN_DBSCANKernel_final-simulation.pxg (BuildFilePXG)
星期二 14:44: INFO    : Running command: ln -sf "../scratch/DBSCAN.xml"
星期二 14:44: INFO    : DBSCAN.xml (BuildFile)
星期二 14:44: INFO    : Running command: ln -sf "../scratch/DBSCAN.h"
星期二 14:44: INFO    : DBSCAN.h (BuildFileSlicH)
星期二 14:44: INFO    : Running command: ln -sf "../scratch/DBSCAN.max"
星期二 14:44: INFO    : DBSCAN.max (BuildFileMaxFile)
星期二 14:44: PROGRESS: MaxFile: /home/trli/github/DBSCAN/EngineCode/hardware/DBSCAN/build/DBSCAN_MAIA_DFE_SIM/results/DBSCAN.max (MD5Sum: 981a31ce7b4b2210b1ebf5600f483e36)
星期二 14:44: INFO    : Waiting for any outstanding jobs to finish... 
星期二 14:44: PROGRESS: Build completed: Tue Jul 21 14:44:52 BST 2015 (took 26 secs)
